This is pdfTeX, Version 3.14159265-2.6-1.40.16 (TeX Live 2015/Debian) (preloaded format=pdflatex 2017.10.10)  28 JUL 2018 10:35
entering extended mode
 restricted \write18 enabled.
 %&-line parsing enabled.
**ËÆ°ÁÆóÁâ©ÁêÜÁ¨¨‰∏âÊ¨°‰Ωú‰∏ö.tex
(./ËÆ°ÁÆóÁâ©ÁêÜÁ¨¨‰∏âÊ¨°‰Ωú‰∏ö.tex
LaTeX2e <2016/02/01>
Babel <3.9q> and hyphenation patterns for 81 language(s) loaded.
(/usr/share/texlive/texmf-dist/tex/latex/base/article.cls
Document Class: article 2014/09/29 v1.4h Standard LaTeX document class
(/usr/share/texlive/texmf-dist/tex/latex/base/size10.clo
File: size10.clo 2014/09/29 v1.4h Standard LaTeX file (size option)
)
\c@part=\count79
\c@section=\count80
\c@subsection=\count81
\c@subsubsection=\count82
\c@paragraph=\count83
\c@subparagraph=\count84
\c@figure=\count85
\c@table=\count86
\abovecaptionskip=\skip41
\belowcaptionskip=\skip42
\bibindent=\dimen102
)
(/usr/share/texlive/texmf-dist/tex/latex/amsmath/amsmath.sty
Package: amsmath 2016/03/03 v2.15a AMS math features
\@mathmargin=\skip43

For additional information on amsmath, use the `?' option.
(/usr/share/texlive/texmf-dist/tex/latex/amsmath/amstext.sty
Package: amstext 2000/06/29 v2.01 AMS text

(/usr/share/texlive/texmf-dist/tex/latex/amsmath/amsgen.sty
File: amsgen.sty 1999/11/30 v2.0 generic functions
\@emptytoks=\toks14
\ex@=\dimen103
))
(/usr/share/texlive/texmf-dist/tex/latex/amsmath/amsbsy.sty
Package: amsbsy 1999/11/29 v1.2d Bold Symbols
\pmbraise@=\dimen104
)
(/usr/share/texlive/texmf-dist/tex/latex/amsmath/amsopn.sty
Package: amsopn 1999/12/14 v2.01 operator names
)
\inf@bad=\count87
LaTeX Info: Redefining \frac on input line 199.
\uproot@=\count88
\leftroot@=\count89
LaTeX Info: Redefining \overline on input line 297.
\classnum@=\count90
\DOTSCASE@=\count91
LaTeX Info: Redefining \ldots on input line 394.
LaTeX Info: Redefining \dots on input line 397.
LaTeX Info: Redefining \cdots on input line 518.
\Mathstrutbox@=\box26
\strutbox@=\box27
\big@size=\dimen105
LaTeX Font Info:    Redeclaring font encoding OML on input line 630.
LaTeX Font Info:    Redeclaring font encoding OMS on input line 631.
\macc@depth=\count92
\c@MaxMatrixCols=\count93
\dotsspace@=\muskip10
\c@parentequation=\count94
\dspbrk@lvl=\count95
\tag@help=\toks15
\row@=\count96
\column@=\count97
\maxfields@=\count98
\andhelp@=\toks16
\eqnshift@=\dimen106
\alignsep@=\dimen107
\tagshift@=\dimen108
\tagwidth@=\dimen109
\totwidth@=\dimen110
\lineht@=\dimen111
\@envbody=\toks17
\multlinegap=\skip44
\multlinetaggap=\skip45
\mathdisplay@stack=\toks18
LaTeX Info: Redefining \[ on input line 2735.
LaTeX Info: Redefining \] on input line 2736.
)
(/usr/share/texlive/texmf-dist/tex/latex/amsfonts/amssymb.sty
Package: amssymb 2013/01/14 v3.01 AMS font symbols

(/usr/share/texlive/texmf-dist/tex/latex/amsfonts/amsfonts.sty
Package: amsfonts 2013/01/14 v3.01 Basic AMSFonts support
\symAMSa=\mathgroup4
\symAMSb=\mathgroup5
LaTeX Font Info:    Overwriting math alphabet `\mathfrak' in version `bold'
(Font)                  U/euf/m/n --> U/euf/b/n on input line 106.
))
(/usr/share/texlive/texmf-dist/tex/latex/geometry/geometry.sty
Package: geometry 2010/09/12 v5.6 Page Geometry

(/usr/share/texlive/texmf-dist/tex/latex/graphics/keyval.sty
Package: keyval 2014/10/28 v1.15 key=value parser (DPC)
\KV@toks@=\toks19
)
(/usr/share/texlive/texmf-dist/tex/generic/oberdiek/ifpdf.sty
Package: ifpdf 2011/01/30 v2.3 Provides the ifpdf switch (HO)
Package ifpdf Info: pdfTeX in PDF mode is detected.
)
(/usr/share/texlive/texmf-dist/tex/generic/oberdiek/ifvtex.sty
Package: ifvtex 2010/03/01 v1.5 Detect VTeX and its facilities (HO)
Package ifvtex Info: VTeX not detected.
)
(/usr/share/texlive/texmf-dist/tex/generic/ifxetex/ifxetex.sty
Package: ifxetex 2010/09/12 v0.6 Provides ifxetex conditional
)
\Gm@cnth=\count99
\Gm@cntv=\count100
\c@Gm@tempcnt=\count101
\Gm@bindingoffset=\dimen112
\Gm@wd@mp=\dimen113
\Gm@odd@mp=\dimen114
\Gm@even@mp=\dimen115
\Gm@layoutwidth=\dimen116
\Gm@layoutheight=\dimen117
\Gm@layouthoffset=\dimen118
\Gm@layoutvoffset=\dimen119
\Gm@dimlist=\toks20
)
(/usr/share/texlive/texmf-dist/tex/latex/caption/caption.sty
Package: caption 2016/02/21 v3.3-144 Customizing captions (AR)

(/usr/share/texlive/texmf-dist/tex/latex/caption/caption3.sty
Package: caption3 2016/02/04 v1.7-139 caption3 kernel (AR)
Package caption3 Info: TeX engine: e-TeX on input line 67.
\captionmargin=\dimen120
\captionmargin@=\dimen121
\captionwidth=\dimen122
\caption@tempdima=\dimen123
\caption@indent=\dimen124
\caption@parindent=\dimen125
\caption@hangindent=\dimen126
)
\c@ContinuedFloat=\count102
)
(/usr/share/texlive/texmf-dist/tex/latex/booktabs/booktabs.sty
Package: booktabs 2005/04/14 v1.61803 publication quality tables
\heavyrulewidth=\dimen127
\lightrulewidth=\dimen128
\cmidrulewidth=\dimen129
\belowrulesep=\dimen130
\belowbottomsep=\dimen131
\aboverulesep=\dimen132
\abovetopsep=\dimen133
\cmidrulesep=\dimen134
\cmidrulekern=\dimen135
\defaultaddspace=\dimen136
\@cmidla=\count103
\@cmidlb=\count104
\@aboverulesep=\dimen137
\@belowrulesep=\dimen138
\@thisruleclass=\count105
\@lastruleclass=\count106
\@thisrulewidth=\dimen139
)
(/usr/share/texlive/texmf-dist/tex/latex/enumitem/enumitem.sty
Package: enumitem 2011/09/28 v3.5.2 Customized lists
\labelindent=\skip46
\enit@outerparindent=\dimen140
\enit@toks=\toks21
\enit@inbox=\box28
\enitdp@description=\count107
)
(/usr/share/texlive/texmf-dist/tex/latex/abstract/abstract.sty
Package: abstract 2009/06/08 v1.2a configurable abstracts
\abstitleskip=\skip47
\absleftindent=\skip48
\absrightindent=\skip49
\absparindent=\skip50
\absparsep=\skip51
)
(/usr/share/texlive/texmf-dist/tex/latex/titlesec/titlesec.sty
Package: titlesec 2016/03/15 v2.10.1 Sectioning titles
\ttl@box=\box29
\beforetitleunit=\skip52
\aftertitleunit=\skip53
\ttl@plus=\dimen141
\ttl@minus=\dimen142
\ttl@toksa=\toks22
\titlewidth=\dimen143
\titlewidthlast=\dimen144
\titlewidthfirst=\dimen145
)
(/usr/share/texlive/texmf-dist/tex/latex/titlesec/block.tss
File: block.tss 2016/03/15
)
(/usr/share/texlive/texmf-dist/tex/latex/fancyhdr/fancyhdr.sty
\fancy@headwidth=\skip54
\f@ncyO@elh=\skip55
\f@ncyO@erh=\skip56
\f@ncyO@olh=\skip57
\f@ncyO@orh=\skip58
\f@ncyO@elf=\skip59
\f@ncyO@erf=\skip60
\f@ncyO@olf=\skip61
\f@ncyO@orf=\skip62
)
(/usr/share/texlive/texmf-dist/tex/latex/titling/titling.sty
Package: titling 2009/09/04 v2.1d maketitle typesetting
\thanksmarkwidth=\skip63
\thanksmargin=\skip64
\droptitle=\skip65
)
(/usr/share/texlive/texmf-dist/tex/latex/hyperref/hyperref.sty
Package: hyperref 2012/11/06 v6.83m Hypertext links for LaTeX

(/usr/share/texlive/texmf-dist/tex/generic/oberdiek/hobsub-hyperref.sty
Package: hobsub-hyperref 2012/05/28 v1.13 Bundle oberdiek, subset hyperref (HO)


(/usr/share/texlive/texmf-dist/tex/generic/oberdiek/hobsub-generic.sty
Package: hobsub-generic 2012/05/28 v1.13 Bundle oberdiek, subset generic (HO)
Package: hobsub 2012/05/28 v1.13 Construct package bundles (HO)
Package: infwarerr 2010/04/08 v1.3 Providing info/warning/error messages (HO)
Package: ltxcmds 2011/11/09 v1.22 LaTeX kernel commands for general use (HO)
Package: ifluatex 2010/03/01 v1.3 Provides the ifluatex switch (HO)
Package ifluatex Info: LuaTeX not detected.
Package hobsub Info: Skipping package `ifvtex' (already loaded).
Package: intcalc 2007/09/27 v1.1 Expandable calculations with integers (HO)
Package hobsub Info: Skipping package `ifpdf' (already loaded).
Package: etexcmds 2011/02/16 v1.5 Avoid name clashes with e-TeX commands (HO)
Package etexcmds Info: Could not find \expanded.
(etexcmds)             That can mean that you are not using pdfTeX 1.50 or
(etexcmds)             that some package has redefined \expanded.
(etexcmds)             In the latter case, load this package earlier.
Package: kvsetkeys 2012/04/25 v1.16 Key value parser (HO)
Package: kvdefinekeys 2011/04/07 v1.3 Define keys (HO)
Package: pdftexcmds 2011/11/29 v0.20 Utility functions of pdfTeX for LuaTeX (HO
)
Package pdftexcmds Info: LuaTeX not detected.
Package pdftexcmds Info: \pdf@primitive is available.
Package pdftexcmds Info: \pdf@ifprimitive is available.
Package pdftexcmds Info: \pdfdraftmode found.
Package: pdfescape 2011/11/25 v1.13 Implements pdfTeX's escape features (HO)
Package: bigintcalc 2012/04/08 v1.3 Expandable calculations on big integers (HO
)
Package: bitset 2011/01/30 v1.1 Handle bit-vector datatype (HO)
Package: uniquecounter 2011/01/30 v1.2 Provide unlimited unique counter (HO)
)
Package hobsub Info: Skipping package `hobsub' (already loaded).
Package: letltxmacro 2010/09/02 v1.4 Let assignment for LaTeX macros (HO)
Package: hopatch 2012/05/28 v1.2 Wrapper for package hooks (HO)
Package: xcolor-patch 2011/01/30 xcolor patch
Package: atveryend 2011/06/30 v1.8 Hooks at the very end of document (HO)
Package atveryend Info: \enddocument detected (standard20110627).
Package: atbegshi 2011/10/05 v1.16 At begin shipout hook (HO)
Package: refcount 2011/10/16 v3.4 Data extraction from label references (HO)
Package: hycolor 2011/01/30 v1.7 Color options for hyperref/bookmark (HO)
)
(/usr/share/texlive/texmf-dist/tex/latex/oberdiek/auxhook.sty
Package: auxhook 2011/03/04 v1.3 Hooks for auxiliary files (HO)
)
(/usr/share/texlive/texmf-dist/tex/latex/oberdiek/kvoptions.sty
Package: kvoptions 2011/06/30 v3.11 Key value format for package options (HO)
)
\@linkdim=\dimen146
\Hy@linkcounter=\count108
\Hy@pagecounter=\count109

(/usr/share/texlive/texmf-dist/tex/latex/hyperref/pd1enc.def
File: pd1enc.def 2012/11/06 v6.83m Hyperref: PDFDocEncoding definition (HO)
)
\Hy@SavedSpaceFactor=\count110

(/usr/share/texlive/texmf-dist/tex/latex/latexconfig/hyperref.cfg
File: hyperref.cfg 2002/06/06 v1.2 hyperref configuration of TeXLive
)
Package hyperref Info: Hyper figures OFF on input line 4443.
Package hyperref Info: Link nesting OFF on input line 4448.
Package hyperref Info: Hyper index ON on input line 4451.
Package hyperref Info: Plain pages OFF on input line 4458.
Package hyperref Info: Backreferencing OFF on input line 4463.
Package hyperref Info: Implicit mode ON; LaTeX internals redefined.
Package hyperref Info: Bookmarks ON on input line 4688.
\c@Hy@tempcnt=\count111

(/usr/share/texlive/texmf-dist/tex/latex/url/url.sty
\Urlmuskip=\muskip11
Package: url 2013/09/16  ver 3.4  Verb mode for urls, etc.
)
LaTeX Info: Redefining \url on input line 5041.
\XeTeXLinkMargin=\dimen147
\Fld@menulength=\count112
\Field@Width=\dimen148
\Fld@charsize=\dimen149
Package hyperref Info: Hyper figures OFF on input line 6295.
Package hyperref Info: Link nesting OFF on input line 6300.
Package hyperref Info: Hyper index ON on input line 6303.
Package hyperref Info: backreferencing OFF on input line 6310.
Package hyperref Info: Link coloring OFF on input line 6315.
Package hyperref Info: Link coloring with OCG OFF on input line 6320.
Package hyperref Info: PDF/A mode OFF on input line 6325.
LaTeX Info: Redefining \ref on input line 6365.
LaTeX Info: Redefining \pageref on input line 6369.
\Hy@abspage=\count113
\c@Item=\count114
\c@Hfootnote=\count115
)

Package hyperref Message: Driver (autodetected): hpdftex.

(/usr/share/texlive/texmf-dist/tex/latex/hyperref/hpdftex.def
File: hpdftex.def 2012/11/06 v6.83m Hyperref driver for pdfTeX
\Fld@listcount=\count116
\c@bookmark@seq@number=\count117

(/usr/share/texlive/texmf-dist/tex/latex/oberdiek/rerunfilecheck.sty
Package: rerunfilecheck 2011/04/15 v1.7 Rerun checks for auxiliary files (HO)
Package uniquecounter Info: New unique counter `rerunfilecheck' on input line 2
82.
)
\Hy@SectionHShift=\skip66
)
Package hyperref Info: Option `unicode' set `true' on input line 25.

(/usr/share/texlive/texmf-dist/tex/latex/hyperref/puenc.def
File: puenc.def 2012/11/06 v6.83m Hyperref: PDF Unicode definition (HO)
)
(/usr/share/texlive/texmf-dist/tex/latex/tools/bm.sty
Package: bm 2014/10/28 v1.1c Bold Symbol Support (DPC/FMi)
\symboldoperators=\mathgroup6
\symboldletters=\mathgroup7
\symboldsymbols=\mathgroup8
LaTeX Font Info:    Redeclaring math alphabet \mathbf on input line 141.
LaTeX Info: Redefining \bm on input line 207.
)
(/usr/share/texlive/texmf-dist/tex/latex/braket/braket.sty)
(/usr/share/texmf/tex/latex/CJK/CJKutf8.sty
Package: CJKutf8 2015/04/18 4.8.4

(/usr/share/texlive/texmf-dist/tex/latex/base/inputenc.sty
Package: inputenc 2015/03/17 v1.2c Input encoding file
\inpenc@prehook=\toks23
\inpenc@posthook=\toks24

(/usr/share/texlive/texmf-dist/tex/latex/base/utf8.def
File: utf8.def 2015/12/03 v1.1r UTF-8 support for inputenc
Now handling font encoding OML ...
... no UTF-8 mapping file for font encoding OML
Now handling font encoding T1 ...
... processing UTF-8 mapping file for font encoding T1

(/usr/share/texlive/texmf-dist/tex/latex/base/t1enc.dfu
File: t1enc.dfu 2015/12/03 v1.1r UTF-8 support for inputenc
   defining Unicode char U+00A0 (decimal 160)
   defining Unicode char U+00A1 (decimal 161)
   defining Unicode char U+00A3 (decimal 163)
   defining Unicode char U+00AB (decimal 171)
   defining Unicode char U+00AD (decimal 173)
   defining Unicode char U+00BB (decimal 187)
   defining Unicode char U+00BF (decimal 191)
   defining Unicode char U+00C0 (decimal 192)
   defining Unicode char U+00C1 (decimal 193)
   defining Unicode char U+00C2 (decimal 194)
   defining Unicode char U+00C3 (decimal 195)
   defining Unicode char U+00C4 (decimal 196)
   defining Unicode char U+00C5 (decimal 197)
   defining Unicode char U+00C6 (decimal 198)
   defining Unicode char U+00C7 (decimal 199)
   defining Unicode char U+00C8 (decimal 200)
   defining Unicode char U+00C9 (decimal 201)
   defining Unicode char U+00CA (decimal 202)
   defining Unicode char U+00CB (decimal 203)
   defining Unicode char U+00CC (decimal 204)
   defining Unicode char U+00CD (decimal 205)
   defining Unicode char U+00CE (decimal 206)
   defining Unicode char U+00CF (decimal 207)
   defining Unicode char U+00D0 (decimal 208)
   defining Unicode char U+00D1 (decimal 209)
   defining Unicode char U+00D2 (decimal 210)
   defining Unicode char U+00D3 (decimal 211)
   defining Unicode char U+00D4 (decimal 212)
   defining Unicode char U+00D5 (decimal 213)
   defining Unicode char U+00D6 (decimal 214)
   defining Unicode char U+00D8 (decimal 216)
   defining Unicode char U+00D9 (decimal 217)
   defining Unicode char U+00DA (decimal 218)
   defining Unicode char U+00DB (decimal 219)
   defining Unicode char U+00DC (decimal 220)
   defining Unicode char U+00DD (decimal 221)
   defining Unicode char U+00DE (decimal 222)
   defining Unicode char U+00DF (decimal 223)
   defining Unicode char U+00E0 (decimal 224)
   defining Unicode char U+00E1 (decimal 225)
   defining Unicode char U+00E2 (decimal 226)
   defining Unicode char U+00E3 (decimal 227)
   defining Unicode char U+00E4 (decimal 228)
   defining Unicode char U+00E5 (decimal 229)
   defining Unicode char U+00E6 (decimal 230)
   defining Unicode char U+00E7 (decimal 231)
   defining Unicode char U+00E8 (decimal 232)
   defining Unicode char U+00E9 (decimal 233)
   defining Unicode char U+00EA (decimal 234)
   defining Unicode char U+00EB (decimal 235)
   defining Unicode char U+00EC (decimal 236)
   defining Unicode char U+00ED (decimal 237)
   defining Unicode char U+00EE (decimal 238)
   defining Unicode char U+00EF (decimal 239)
   defining Unicode char U+00F0 (decimal 240)
   defining Unicode char U+00F1 (decimal 241)
   defining Unicode char U+00F2 (decimal 242)
   defining Unicode char U+00F3 (decimal 243)
   defining Unicode char U+00F4 (decimal 244)
   defining Unicode char U+00F5 (decimal 245)
   defining Unicode char U+00F6 (decimal 246)
   defining Unicode char U+00F8 (decimal 248)
   defining Unicode char U+00F9 (decimal 249)
   defining Unicode char U+00FA (decimal 250)
   defining Unicode char U+00FB (decimal 251)
   defining Unicode char U+00FC (decimal 252)
   defining Unicode char U+00FD (decimal 253)
   defining Unicode char U+00FE (decimal 254)
   defining Unicode char U+00FF (decimal 255)
   defining Unicode char U+0100 (decimal 256)
   defining Unicode char U+0101 (decimal 257)
   defining Unicode char U+0102 (decimal 258)
   defining Unicode char U+0103 (decimal 259)
   defining Unicode char U+0104 (decimal 260)
   defining Unicode char U+0105 (decimal 261)
   defining Unicode char U+0106 (decimal 262)
   defining Unicode char U+0107 (decimal 263)
   defining Unicode char U+0108 (decimal 264)
   defining Unicode char U+0109 (decimal 265)
   defining Unicode char U+010A (decimal 266)
   defining Unicode char U+010B (decimal 267)
   defining Unicode char U+010C (decimal 268)
   defining Unicode char U+010D (decimal 269)
   defining Unicode char U+010E (decimal 270)
   defining Unicode char U+010F (decimal 271)
   defining Unicode char U+0110 (decimal 272)
   defining Unicode char U+0111 (decimal 273)
   defining Unicode char U+0112 (decimal 274)
   defining Unicode char U+0113 (decimal 275)
   defining Unicode char U+0114 (decimal 276)
   defining Unicode char U+0115 (decimal 277)
   defining Unicode char U+0116 (decimal 278)
   defining Unicode char U+0117 (decimal 279)
   defining Unicode char U+0118 (decimal 280)
   defining Unicode char U+0119 (decimal 281)
   defining Unicode char U+011A (decimal 282)
   defining Unicode char U+011B (decimal 283)
   defining Unicode char U+011C (decimal 284)
   defining Unicode char U+011D (decimal 285)
   defining Unicode char U+011E (decimal 286)
   defining Unicode char U+011F (decimal 287)
   defining Unicode char U+0120 (decimal 288)
   defining Unicode char U+0121 (decimal 289)
   defining Unicode char U+0122 (decimal 290)
   defining Unicode char U+0123 (decimal 291)
   defining Unicode char U+0124 (decimal 292)
   defining Unicode char U+0125 (decimal 293)
   defining Unicode char U+0128 (decimal 296)
   defining Unicode char U+0129 (decimal 297)
   defining Unicode char U+012A (decimal 298)
   defining Unicode char U+012B (decimal 299)
   defining Unicode char U+012C (decimal 300)
   defining Unicode char U+012D (decimal 301)
   defining Unicode char U+012E (decimal 302)
   defining Unicode char U+012F (decimal 303)
   defining Unicode char U+0130 (decimal 304)
   defining Unicode char U+0131 (decimal 305)
   defining Unicode char U+0132 (decimal 306)
   defining Unicode char U+0133 (decimal 307)
   defining Unicode char U+0134 (decimal 308)
   defining Unicode char U+0135 (decimal 309)
   defining Unicode char U+0136 (decimal 310)
   defining Unicode char U+0137 (decimal 311)
   defining Unicode char U+0139 (decimal 313)
   defining Unicode char U+013A (decimal 314)
   defining Unicode char U+013B (decimal 315)
   defining Unicode char U+013C (decimal 316)
   defining Unicode char U+013D (decimal 317)
   defining Unicode char U+013E (decimal 318)
   defining Unicode char U+0141 (decimal 321)
   defining Unicode char U+0142 (decimal 322)
   defining Unicode char U+0143 (decimal 323)
   defining Unicode char U+0144 (decimal 324)
   defining Unicode char U+0145 (decimal 325)
   defining Unicode char U+0146 (decimal 326)
   defining Unicode char U+0147 (decimal 327)
   defining Unicode char U+0148 (decimal 328)
   defining Unicode char U+014A (decimal 330)
   defining Unicode char U+014B (decimal 331)
   defining Unicode char U+014C (decimal 332)
   defining Unicode char U+014D (decimal 333)
   defining Unicode char U+014E (decimal 334)
   defining Unicode char U+014F (decimal 335)
   defining Unicode char U+0150 (decimal 336)
   defining Unicode char U+0151 (decimal 337)
   defining Unicode char U+0152 (decimal 338)
   defining Unicode char U+0153 (decimal 339)
   defining Unicode char U+0154 (decimal 340)
   defining Unicode char U+0155 (decimal 341)
   defining Unicode char U+0156 (decimal 342)
   defining Unicode char U+0157 (decimal 343)
   defining Unicode char U+0158 (decimal 344)
   defining Unicode char U+0159 (decimal 345)
   defining Unicode char U+015A (decimal 346)
   defining Unicode char U+015B (decimal 347)
   defining Unicode char U+015C (decimal 348)
   defining Unicode char U+015D (decimal 349)
   defining Unicode char U+015E (decimal 350)
   defining Unicode char U+015F (decimal 351)
   defining Unicode char U+0160 (decimal 352)
   defining Unicode char U+0161 (decimal 353)
   defining Unicode char U+0162 (decimal 354)
   defining Unicode char U+0163 (decimal 355)
   defining Unicode char U+0164 (decimal 356)
   defining Unicode char U+0165 (decimal 357)
   defining Unicode char U+0168 (decimal 360)
   defining Unicode char U+0169 (decimal 361)
   defining Unicode char U+016A (decimal 362)
   defining Unicode char U+016B (decimal 363)
   defining Unicode char U+016C (decimal 364)
   defining Unicode char U+016D (decimal 365)
   defining Unicode char U+016E (decimal 366)
   defining Unicode char U+016F (decimal 367)
   defining Unicode char U+0170 (decimal 368)
   defining Unicode char U+0171 (decimal 369)
   defining Unicode char U+0172 (decimal 370)
   defining Unicode char U+0173 (decimal 371)
   defining Unicode char U+0174 (decimal 372)
   defining Unicode char U+0175 (decimal 373)
   defining Unicode char U+0176 (decimal 374)
   defining Unicode char U+0177 (decimal 375)
   defining Unicode char U+0178 (decimal 376)
   defining Unicode char U+0179 (decimal 377)
   defining Unicode char U+017A (decimal 378)
   defining Unicode char U+017B (decimal 379)
   defining Unicode char U+017C (decimal 380)
   defining Unicode char U+017D (decimal 381)
   defining Unicode char U+017E (decimal 382)
   defining Unicode char U+01CD (decimal 461)
   defining Unicode char U+01CE (decimal 462)
   defining Unicode char U+01CF (decimal 463)
   defining Unicode char U+01D0 (decimal 464)
   defining Unicode char U+01D1 (decimal 465)
   defining Unicode char U+01D2 (decimal 466)
   defining Unicode char U+01D3 (decimal 467)
   defining Unicode char U+01D4 (decimal 468)
   defining Unicode char U+01E2 (decimal 482)
   defining Unicode char U+01E3 (decimal 483)
   defining Unicode char U+01E6 (decimal 486)
   defining Unicode char U+01E7 (decimal 487)
   defining Unicode char U+01E8 (decimal 488)
   defining Unicode char U+01E9 (decimal 489)
   defining Unicode char U+01EA (decimal 490)
   defining Unicode char U+01EB (decimal 491)
   defining Unicode char U+01F0 (decimal 496)
   defining Unicode char U+01F4 (decimal 500)
   defining Unicode char U+01F5 (decimal 501)
   defining Unicode char U+0218 (decimal 536)
   defining Unicode char U+0219 (decimal 537)
   defining Unicode char U+021A (decimal 538)
   defining Unicode char U+021B (decimal 539)
   defining Unicode char U+01E02 (decimal 7682)
   defining Unicode char U+01E03 (decimal 7683)
   defining Unicode char U+200C (decimal 8204)
   defining Unicode char U+2013 (decimal 8211)
   defining Unicode char U+2014 (decimal 8212)
   defining Unicode char U+2018 (decimal 8216)
   defining Unicode char U+2019 (decimal 8217)
   defining Unicode char U+201A (decimal 8218)
   defining Unicode char U+201C (decimal 8220)
   defining Unicode char U+201D (decimal 8221)
   defining Unicode char U+201E (decimal 8222)
   defining Unicode char U+2030 (decimal 8240)
   defining Unicode char U+2031 (decimal 8241)
   defining Unicode char U+2039 (decimal 8249)
   defining Unicode char U+203A (decimal 8250)
   defining Unicode char U+2423 (decimal 9251)
)
Now handling font encoding OT1 ...
... processing UTF-8 mapping file for font encoding OT1

(/usr/share/texlive/texmf-dist/tex/latex/base/ot1enc.dfu
File: ot1enc.dfu 2015/12/03 v1.1r UTF-8 support for inputenc
   defining Unicode char U+00A0 (decimal 160)
   defining Unicode char U+00A1 (decimal 161)
   defining Unicode char U+00A3 (decimal 163)
   defining Unicode char U+00AD (decimal 173)
   defining Unicode char U+00B8 (decimal 184)
   defining Unicode char U+00BF (decimal 191)
   defining Unicode char U+00C5 (decimal 197)
   defining Unicode char U+00C6 (decimal 198)
   defining Unicode char U+00D8 (decimal 216)
   defining Unicode char U+00DF (decimal 223)
   defining Unicode char U+00E6 (decimal 230)
   defining Unicode char U+00EC (decimal 236)
   defining Unicode char U+00ED (decimal 237)
   defining Unicode char U+00EE (decimal 238)
   defining Unicode char U+00EF (decimal 239)
   defining Unicode char U+00F8 (decimal 248)
   defining Unicode char U+0131 (decimal 305)
   defining Unicode char U+0141 (decimal 321)
   defining Unicode char U+0142 (decimal 322)
   defining Unicode char U+0152 (decimal 338)
   defining Unicode char U+0153 (decimal 339)
   defining Unicode char U+0174 (decimal 372)
   defining Unicode char U+0175 (decimal 373)
   defining Unicode char U+0176 (decimal 374)
   defining Unicode char U+0177 (decimal 375)
   defining Unicode char U+0218 (decimal 536)
   defining Unicode char U+0219 (decimal 537)
   defining Unicode char U+021A (decimal 538)
   defining Unicode char U+021B (decimal 539)
   defining Unicode char U+2013 (decimal 8211)
   defining Unicode char U+2014 (decimal 8212)
   defining Unicode char U+2018 (decimal 8216)
   defining Unicode char U+2019 (decimal 8217)
   defining Unicode char U+201C (decimal 8220)
   defining Unicode char U+201D (decimal 8221)
)
Now handling font encoding OMS ...
... processing UTF-8 mapping file for font encoding OMS

(/usr/share/texlive/texmf-dist/tex/latex/base/omsenc.dfu
File: omsenc.dfu 2015/12/03 v1.1r UTF-8 support for inputenc
   defining Unicode char U+00A7 (decimal 167)
   defining Unicode char U+00B6 (decimal 182)
   defining Unicode char U+00B7 (decimal 183)
   defining Unicode char U+2020 (decimal 8224)
   defining Unicode char U+2021 (decimal 8225)
   defining Unicode char U+2022 (decimal 8226)
)
Now handling font encoding OMX ...
... no UTF-8 mapping file for font encoding OMX
Now handling font encoding U ...
... no UTF-8 mapping file for font encoding U
Now handling font encoding PD1 ...
... no UTF-8 mapping file for font encoding PD1
Now handling font encoding PU ...
... no UTF-8 mapping file for font encoding PU
   defining Unicode char U+00A9 (decimal 169)
   defining Unicode char U+00AA (decimal 170)
   defining Unicode char U+00AE (decimal 174)
   defining Unicode char U+00BA (decimal 186)
   defining Unicode char U+02C6 (decimal 710)
   defining Unicode char U+02DC (decimal 732)
   defining Unicode char U+200C (decimal 8204)
   defining Unicode char U+2026 (decimal 8230)
   defining Unicode char U+2122 (decimal 8482)
   defining Unicode char U+2423 (decimal 9251)
))
(/usr/share/texmf/tex/latex/CJK/CJK.sty
Package: CJK 2015/04/18 4.8.4

(/usr/share/texmf/tex/latex/CJK/mule/MULEenc.sty
Package: MULEenc 2015/04/18 4.8.4
)
(/usr/share/texmf/tex/latex/CJK/CJK.enc
File: CJK.enc 2015/04/18 4.8.4
Now handling font encoding C00 ...
... no UTF-8 mapping file for font encoding C00
Now handling font encoding C05 ...
... no UTF-8 mapping file for font encoding C05
Now handling font encoding C09 ...
... no UTF-8 mapping file for font encoding C09
Now handling font encoding C10 ...
... no UTF-8 mapping file for font encoding C10
Now handling font encoding C20 ...
... no UTF-8 mapping file for font encoding C20
Now handling font encoding C19 ...
... no UTF-8 mapping file for font encoding C19
Now handling font encoding C40 ...
... no UTF-8 mapping file for font encoding C40
Now handling font encoding C42 ...
... no UTF-8 mapping file for font encoding C42
Now handling font encoding C43 ...
... no UTF-8 mapping file for font encoding C43
Now handling font encoding C50 ...
... no UTF-8 mapping file for font encoding C50
Now handling font encoding C52 ...
... no UTF-8 mapping file for font encoding C52
Now handling font encoding C49 ...
... no UTF-8 mapping file for font encoding C49
Now handling font encoding C60 ...
... no UTF-8 mapping file for font encoding C60
Now handling font encoding C61 ...
... no UTF-8 mapping file for font encoding C61
Now handling font encoding C63 ...
... no UTF-8 mapping file for font encoding C63
Now handling font encoding C64 ...
... no UTF-8 mapping file for font encoding C64
Now handling font encoding C65 ...
... no UTF-8 mapping file for font encoding C65
Now handling font encoding C70 ...
... no UTF-8 mapping file for font encoding C70
Now handling font encoding C31 ...
... no UTF-8 mapping file for font encoding C31
Now handling font encoding C32 ...
... no UTF-8 mapping file for font encoding C32
Now handling font encoding C33 ...
... no UTF-8 mapping file for font encoding C33
Now handling font encoding C34 ...
... no UTF-8 mapping file for font encoding C34
Now handling font encoding C35 ...
... no UTF-8 mapping file for font encoding C35
Now handling font encoding C36 ...
... no UTF-8 mapping file for font encoding C36
Now handling font encoding C37 ...
... no UTF-8 mapping file for font encoding C37
Now handling font encoding C80 ...
... no UTF-8 mapping file for font encoding C80
Now handling font encoding C81 ...
... no UTF-8 mapping file for font encoding C81
Now handling font encoding C01 ...
... no UTF-8 mapping file for font encoding C01
Now handling font encoding C11 ...
... no UTF-8 mapping file for font encoding C11
Now handling font encoding C21 ...
... no UTF-8 mapping file for font encoding C21
Now handling font encoding C41 ...
... no UTF-8 mapping file for font encoding C41
Now handling font encoding C62 ...
... no UTF-8 mapping file for font encoding C62
)
LaTeX Info: Redefining \selectfont on input line 755.
\CJK@indent=\box30
)
(/usr/share/texlive/texmf-dist/tex/latex/base/fontenc.sty
Package: fontenc 2005/09/27 v1.99g Standard LaTeX package
))
(/usr/share/texlive/texmf-dist/tex/latex/xcolor/xcolor.sty
Package: xcolor 2007/01/21 v2.11 LaTeX color extensions (UK)

(/usr/share/texlive/texmf-dist/tex/latex/latexconfig/color.cfg
File: color.cfg 2007/01/18 v1.5 color configuration of teTeX/TeXLive
)
Package xcolor Info: Driver file: pdftex.def on input line 225.

(/usr/share/texlive/texmf-dist/tex/latex/pdftex-def/pdftex.def
File: pdftex.def 2011/05/27 v0.06d Graphics/color for pdfTeX
\Gread@gobject=\count118
)
Package xcolor Info: Model `cmy' substituted by `cmy0' on input line 1337.
Package xcolor Info: Model `hsb' substituted by `rgb' on input line 1341.
Package xcolor Info: Model `RGB' extended on input line 1353.
Package xcolor Info: Model `HTML' substituted by `rgb' on input line 1355.
Package xcolor Info: Model `Hsb' substituted by `hsb' on input line 1356.
Package xcolor Info: Model `tHsb' substituted by `hsb' on input line 1357.
Package xcolor Info: Model `HSB' substituted by `hsb' on input line 1358.
Package xcolor Info: Model `Gray' substituted by `gray' on input line 1359.
Package xcolor Info: Model `wave' substituted by `hsb' on input line 1360.
)
(/usr/share/texlive/texmf-dist/tex/latex/tools/dcolumn.sty
Package: dcolumn 2014/10/28 v1.06 decimal alignment package (DPC)

(/usr/share/texlive/texmf-dist/tex/latex/tools/array.sty
Package: array 2014/10/28 v2.4c Tabular extension package (FMi)
\col@sep=\dimen150
\extrarowheight=\dimen151
\NC@list=\toks25
\extratabsurround=\skip67
\backup@length=\skip68
))
(/usr/share/texlive/texmf-dist/tex/latex/graphics/graphicx.sty
Package: graphicx 2014/10/28 v1.0g Enhanced LaTeX Graphics (DPC,SPQR)

(/usr/share/texlive/texmf-dist/tex/latex/graphics/graphics.sty
Package: graphics 2016/01/03 v1.0q Standard LaTeX Graphics (DPC,SPQR)

(/usr/share/texlive/texmf-dist/tex/latex/graphics/trig.sty
Package: trig 2016/01/03 v1.10 sin cos tan (DPC)
)
(/usr/share/texlive/texmf-dist/tex/latex/latexconfig/graphics.cfg
File: graphics.cfg 2010/04/23 v1.9 graphics configuration of TeX Live
)
Package graphics Info: Driver file: pdftex.def on input line 95.
)
\Gin@req@height=\dimen152
\Gin@req@width=\dimen153
)
(/usr/share/texlive/texmf-dist/tex/latex/tools/indentfirst.sty
Package: indentfirst 1995/11/23 v1.03 Indent first paragraph (DPC)
)
(/usr/share/texlive/texmf-dist/tex/latex/listings/listings.sty
\lst@mode=\count119
\lst@gtempboxa=\box31
\lst@token=\toks26
\lst@length=\count120
\lst@currlwidth=\dimen154
\lst@column=\count121
\lst@pos=\count122
\lst@lostspace=\dimen155
\lst@width=\dimen156
\lst@newlines=\count123
\lst@lineno=\count124
\lst@maxwidth=\dimen157

(/usr/share/texlive/texmf-dist/tex/latex/listings/lstmisc.sty
File: lstmisc.sty 2015/06/04 1.6 (Carsten Heinz)
\c@lstnumber=\count125
\lst@skipnumbers=\count126
\lst@framebox=\box32
)
(/usr/share/texlive/texmf-dist/tex/latex/listings/listings.cfg
File: listings.cfg 2015/06/04 1.6 listings configuration
))
Package: listings 2015/06/04 1.6 (Carsten Heinz)

(/usr/share/texlive/texmf-dist/tex/latex/appendix/appendix.sty
Package: appendix 2009/09/02 v1.2b extra appendix facilities
\c@@pps=\count127
\c@@ppsavesec=\count128
\c@@ppsaveapp=\count129
)
(/usr/share/texlive/texmf-dist/tex/latex/listings/lstlang1.sty
File: lstlang1.sty 2015/06/04 1.6 listings language file
)
(/usr/share/texlive/texmf-dist/tex/latex/listings/lstmisc.sty
File: lstmisc.sty 2015/06/04 1.6 (Carsten Heinz)
)
(./ËÆ°ÁÆóÁâ©ÁêÜÁ¨¨‰∏âÊ¨°‰Ωú‰∏ö.aux)
\openout1 = `ËÆ°ÁÆóÁâ©ÁêÜÁ¨¨‰∏âÊ¨°‰Ωú‰∏ö.aux'.

LaTeX Font Info:    Checking defaults for OML/cmm/m/it on input line 55.
LaTeX Font Info:    ... okay on input line 55.
LaTeX Font Info:    Checking defaults for T1/cmr/m/n on input line 55.
LaTeX Font Info:    ... okay on input line 55.
LaTeX Font Info:    Checking defaults for OT1/cmr/m/n on input line 55.
LaTeX Font Info:    ... okay on input line 55.
LaTeX Font Info:    Checking defaults for OMS/cmsy/m/n on input line 55.
LaTeX Font Info:    ... okay on input line 55.
LaTeX Font Info:    Checking defaults for OMX/cmex/m/n on input line 55.
LaTeX Font Info:    ... okay on input line 55.
LaTeX Font Info:    Checking defaults for U/cmr/m/n on input line 55.
LaTeX Font Info:    ... okay on input line 55.
LaTeX Font Info:    Checking defaults for PD1/pdf/m/n on input line 55.
LaTeX Font Info:    ... okay on input line 55.
LaTeX Font Info:    Checking defaults for PU/pdf/m/n on input line 55.
LaTeX Font Info:    ... okay on input line 55.
LaTeX Font Info:    Checking defaults for C00/song/m/n on input line 55.
LaTeX Font Info:    ... okay on input line 55.
LaTeX Font Info:    Checking defaults for C05/song/m/n on input line 55.
LaTeX Font Info:    ... okay on input line 55.
LaTeX Font Info:    Checking defaults for C09/song/m/n on input line 55.
LaTeX Font Info:    ... okay on input line 55.
LaTeX Font Info:    Checking defaults for C10/song/m/n on input line 55.
LaTeX Font Info:    ... okay on input line 55.
LaTeX Font Info:    Checking defaults for C20/song/m/n on input line 55.
LaTeX Font Info:    ... okay on input line 55.
LaTeX Font Info:    Checking defaults for C19/song/m/n on input line 55.
LaTeX Font Info:    ... okay on input line 55.
LaTeX Font Info:    Checking defaults for C40/song/m/n on input line 55.
LaTeX Font Info:    ... okay on input line 55.
LaTeX Font Info:    Checking defaults for C42/song/m/n on input line 55.
LaTeX Font Info:    ... okay on input line 55.
LaTeX Font Info:    Checking defaults for C43/song/m/n on input line 55.
LaTeX Font Info:    ... okay on input line 55.
LaTeX Font Info:    Checking defaults for C50/song/m/n on input line 55.
LaTeX Font Info:    ... okay on input line 55.
LaTeX Font Info:    Checking defaults for C52/song/m/n on input line 55.
LaTeX Font Info:    ... okay on input line 55.
LaTeX Font Info:    Checking defaults for C49/song/m/n on input line 55.
LaTeX Font Info:    ... okay on input line 55.
LaTeX Font Info:    Checking defaults for C60/mj/m/n on input line 55.
LaTeX Font Info:    ... okay on input line 55.
LaTeX Font Info:    Checking defaults for C61/mj/m/n on input line 55.
LaTeX Font Info:    ... okay on input line 55.
LaTeX Font Info:    Checking defaults for C63/mj/m/n on input line 55.
LaTeX Font Info:    ... okay on input line 55.
LaTeX Font Info:    Checking defaults for C64/mj/m/n on input line 55.
LaTeX Font Info:    ... okay on input line 55.
LaTeX Font Info:    Checking defaults for C65/mj/m/n on input line 55.
LaTeX Font Info:    ... okay on input line 55.
LaTeX Font Info:    Checking defaults for C70/song/m/n on input line 55.
LaTeX Font Info:    ... okay on input line 55.
LaTeX Font Info:    Checking defaults for C31/song/m/n on input line 55.
LaTeX Font Info:    ... okay on input line 55.
LaTeX Font Info:    Checking defaults for C32/song/m/n on input line 55.
LaTeX Font Info:    ... okay on input line 55.
LaTeX Font Info:    Checking defaults for C33/song/m/n on input line 55.
LaTeX Font Info:    ... okay on input line 55.
LaTeX Font Info:    Checking defaults for C34/song/m/n on input line 55.
LaTeX Font Info:    ... okay on input line 55.
LaTeX Font Info:    Checking defaults for C35/song/m/n on input line 55.
LaTeX Font Info:    ... okay on input line 55.
LaTeX Font Info:    Checking defaults for C36/song/m/n on input line 55.
LaTeX Font Info:    ... okay on input line 55.
LaTeX Font Info:    Checking defaults for C37/song/m/n on input line 55.
LaTeX Font Info:    ... okay on input line 55.
LaTeX Font Info:    Checking defaults for C80/song/m/n on input line 55.
LaTeX Font Info:    ... okay on input line 55.
LaTeX Font Info:    Checking defaults for C81/song/m/n on input line 55.
LaTeX Font Info:    ... okay on input line 55.
LaTeX Font Info:    Checking defaults for C01/song/m/n on input line 55.
LaTeX Font Info:    ... okay on input line 55.
LaTeX Font Info:    Checking defaults for C11/song/m/n on input line 55.
LaTeX Font Info:    ... okay on input line 55.
LaTeX Font Info:    Checking defaults for C21/song/m/n on input line 55.
LaTeX Font Info:    ... okay on input line 55.
LaTeX Font Info:    Checking defaults for C41/song/m/n on input line 55.
LaTeX Font Info:    ... okay on input line 55.
LaTeX Font Info:    Checking defaults for C62/song/m/n on input line 55.
LaTeX Font Info:    ... okay on input line 55.

*geometry* driver: auto-detecting
*geometry* detected driver: pdftex
*geometry* verbose mode - [ preamble ] result:
* driver: pdftex
* paper: <default>
* layout: <same size as paper>
* layoutoffset:(h,v)=(0.0pt,0.0pt)
* hratio: 1:1
* modes: twoside 
* h-part:(L,W,R)=(92.14519pt, 430.00462pt, 92.14519pt)
* v-part:(T,H,B)=(91.04881pt, 608.5238pt, 95.39737pt)
* \paperwidth=614.295pt
* \paperheight=794.96999pt
* \textwidth=430.00462pt
* \textheight=608.5238pt
* \oddsidemargin=19.8752pt
* \evensidemargin=19.8752pt
* \topmargin=-18.22118pt
* \headheight=12.0pt
* \headsep=25.0pt
* \topskip=10.0pt
* \footskip=30.0pt
* \marginparwidth=48.0pt
* \marginparsep=10.0pt
* \columnsep=20.0pt
* \skip\footins=9.0pt plus 4.0pt minus 2.0pt
* \hoffset=0.0pt
* \voffset=0.0pt
* \mag=1000
* \@twocolumntrue
* \@twosidetrue
* \@mparswitchtrue
* \@reversemarginfalse
* (1in=72.27pt=25.4mm, 1cm=28.453pt)

Package caption Info: Begin \AtBeginDocument code.
Package caption Info: hyperref package is loaded.
Package caption Info: listings package is loaded.
Package caption Info: End \AtBeginDocument code.
\AtBeginShipoutBox=\box33
Package hyperref Info: Link coloring OFF on input line 55.
(/usr/share/texlive/texmf-dist/tex/latex/hyperref/nameref.sty
Package: nameref 2012/10/27 v2.43 Cross-referencing by name of section

(/usr/share/texlive/texmf-dist/tex/generic/oberdiek/gettitlestring.sty
Package: gettitlestring 2010/12/03 v1.4 Cleanup title references (HO)
)
\c@section@level=\count130
)
LaTeX Info: Redefining \ref on input line 55.
LaTeX Info: Redefining \pageref on input line 55.
LaTeX Info: Redefining \nameref on input line 55.

(./ËÆ°ÁÆóÁâ©ÁêÜÁ¨¨‰∏âÊ¨°‰Ωú‰∏ö.out) (./ËÆ°ÁÆóÁâ©ÁêÜÁ¨¨‰∏âÊ¨°‰Ωú‰∏ö.out)
\@outlinefile=\write3
\openout3 = `ËÆ°ÁÆóÁâ©ÁêÜÁ¨¨‰∏âÊ¨°‰Ωú‰∏ö.out'.


(/usr/share/texlive/texmf-dist/tex/context/base/supp-pdf.mkii
[Loading MPS to PDF converter (version 2006.09.02).]
\scratchcounter=\count131
\scratchdimen=\dimen158
\scratchbox=\box34
\nofMPsegments=\count132
\nofMParguments=\count133
\everyMPshowfont=\toks27
\MPscratchCnt=\count134
\MPscratchDim=\dimen159
\MPnumerator=\count135
\makeMPintoPDFobject=\count136
\everyMPtoPDFconversion=\toks28
) (/usr/share/texlive/texmf-dist/tex/latex/oberdiek/epstopdf-base.sty
Package: epstopdf-base 2010/02/09 v2.5 Base part for package epstopdf

(/usr/share/texlive/texmf-dist/tex/latex/oberdiek/grfext.sty
Package: grfext 2010/08/19 v1.1 Manage graphics extensions (HO)
)
Package grfext Info: Graphics extension search list:
(grfext)             [.png,.pdf,.jpg,.mps,.jpeg,.jbig2,.jb2,.PNG,.PDF,.JPG,.JPE
G,.JBIG2,.JB2,.eps]
(grfext)             \AppendGraphicsExtensions on input line 452.

(/usr/share/texlive/texmf-dist/tex/latex/latexconfig/epstopdf-sys.cfg
File: epstopdf-sys.cfg 2010/07/13 v1.3 Configuration of (r)epstopdf for TeX Liv
e
))
\c@lstlisting=\count137

(/usr/share/texmf/tex/latex/CJK/UTF8/UTF8.bdg
File: UTF8.bdg 2015/04/18 4.8.4
)
(/usr/share/texmf/tex/latex/CJK/UTF8/UTF8.enc
File: UTF8.enc 2015/04/18 4.8.4
)
(/usr/share/texmf/tex/latex/CJK/UTF8/UTF8.chr
File: UTF8.chr 2015/04/18 4.8.4
)
LaTeX Font Info:    Try loading font information for C70+gkai on input line 77.


(/usr/share/texmf/tex/latex/CJK/UTF8/c70gkai.fd
File: c70gkai.fd 2008/10/03 4.8.1
)
(/usr/share/texmf/tex/latex/CJK/UTF8/c70gkai.fdx
File: c70gkai.fdx 2012/05/07 4.8.3
)
LaTeX Font Info:    Try loading font information for U+msa on input line 77.

(/usr/share/texlive/texmf-dist/tex/latex/amsfonts/umsa.fd
File: umsa.fd 2013/01/14 v3.01 AMS symbols A
)
LaTeX Font Info:    Try loading font information for U+msb on input line 77.

(/usr/share/texlive/texmf-dist/tex/latex/amsfonts/umsb.fd
File: umsb.fd 2013/01/14 v3.01 AMS symbols B
)

LaTeX Font Warning: Font shape `C70/gkai/m/sc' undefined
(Font)              using `C70/gkai/m/n' instead on input line 77.

LaTeX Font Info:    Try loading font information for OMS+cmr on input line 77.
(/usr/share/texlive/texmf-dist/tex/latex/base/omscmr.fd
File: omscmr.fd 2014/09/29 v2.5h Standard LaTeX font definitions
)
LaTeX Font Info:    Font shape `OMS/cmr/m/n' in size <8> not available
(Font)              Font shape `OMS/cmsy/m/n' tried instead on input line 77.


LaTeX Font Warning: Font shape `C70/gkai/m/it' undefined
(Font)              using `C70/gkai/m/n' instead on input line 77.

LaTeX Font Info:    Font shape `OMS/cmr/m/n' in size <6> not available
(Font)              Font shape `OMS/cmsy/m/n' tried instead on input line 77.

LaTeX Font Warning: Font shape `OT1/cmr/bx/sc' undefined
(Font)              using `OT1/cmr/bx/n' instead on input line 82.


LaTeX Font Warning: Font shape `C70/gkai/bx/sc' undefined
(Font)              using `C70/gkai/bx/n' instead on input line 82.

Package epstopdf Info: Source file: <./figure/fig1.eps>
(epstopdf)                    date: 2018-05-01 01:36:57
(epstopdf)                    size: 43194 bytes
(epstopdf)             Output file: <./figure/fig1-eps-converted-to.pdf>
(epstopdf)                    date: 2018-07-08 07:17:09
(epstopdf)                    size: 11597 bytes
(epstopdf)             Command: <repstopdf --outfile=./figure/fig1-eps-converte
d-to.pdf ./figure/fig1.eps>
(epstopdf)             \includegraphics on input line 86.
Package epstopdf Info: Output file is already uptodate.
<./figure/fig1-eps-converted-to.pdf, id=103, 685.56125pt x 560.0925pt>
File: ./figure/fig1-eps-converted-to.pdf Graphic file (type pdf)

<use ./figure/fig1-eps-converted-to.pdf>
Package pdftex.def Info: ./figure/fig1-eps-converted-to.pdf used on input line 
86.
(pdftex.def)             Requested size: 184.50081pt x 150.73131pt.

Overfull \vbox (0.97374pt too high) has occurred while \output is active []


(/usr/share/texlive/texmf-dist/tex/generic/zhmetrics/zhwinfonts.tex
(/usr/share/texlive/texmf-dist/tex/generic/oberdiek/ifpdf.sty
Package ifpdf Info: The package is already loaded, stopped on input line 64.
){/var/lib/texmf/fonts/map/pdftex/updmap/pdftex.map}{UGBK.sfd}{Unicode.sfd}) [1


 <./figure/fig1-eps-converted-to.pdf>]
LaTeX Font Info:    Font shape `OMS/cmr/m/n' in size <10> not available
(Font)              Font shape `OMS/cmsy/m/n' tried instead on input line 163.

Overfull \hbox (11.5211pt too wide) detected at line 173
[] []
 []


Underfull \hbox (badness 3049) in paragraph at lines 185--187
\C70/gkai/m/n/10/5c ^^F \C70/gkai/m/n/10/51 v \C70/gkai/bx/sc/10/4e „ \C70/gkai
/m/n/10/51 e \C70/gkai/bx/sc/10/52 0 \C70/gkai/m/n/10/56 € \C70/gkai/m/n/10/96 
6 \C70/gkai/m/n/10/5f Æ \C70/gkai/bx/sc/10/52 ^^F \C70/gkai/m/n/10/98 y \C70/gk
ai/bx/sc/10/4e - \C70/gkai/m/n/10/ff ^^L \C70/gkai/m/n/10/5e v \C70/gkai/m/n/10
/62 ä \C70/gkai/bx/sc/10/4e å \C70/gkai/m/n/10/96 6
 []


Underfull \hbox (badness 4479) in paragraph at lines 185--187
\C70/gkai/bx/n/10/5b ¸$[] []$\C70/gkai/m/n/10/66 ˇ \C70/gkai/bx/n/10/63 b \C70/
gkai/bx/sc/10/4e :$\OML/cmm/m/it/10 f[]y[]$\C70/gkai/m/n/10/76 Ñ \C70/gkai/bx/s
c/10/4e å \C70/gkai/m/n/10/96 6 \C70/gkai/m/n/10/5d Ó \C70/gkai/bx/sc/10/52 ^^F
 \C70/gkai/m/n/10/51 l
 []


Package amsmath Warning: Foreign command \over;
(amsmath)                \frac or \genfrac should be used instead
(amsmath)                 on input line 204.


Overfull \hbox (15.13585pt too wide) detected at line 205
[] \OML/cmm/m/it/10 R\OT1/cmr/m/n/10 (\OML/cmm/m/it/10 r\OT1/cmr/m/n/10 ) = \OM
L/cmm/m/it/10 ER\OT1/cmr/m/n/10 (\OML/cmm/m/it/10 r\OT1/cmr/m/n/10 )
 []

[2]
Package epstopdf Info: Source file: <figure/1.eps>
(epstopdf)                    date: 2018-07-09 00:55:21
(epstopdf)                    size: 26139 bytes
(epstopdf)             Output file: <figure/1-eps-converted-to.pdf>
(epstopdf)                    date: 2018-07-09 00:58:44
(epstopdf)                    size: 18454 bytes
(epstopdf)             Command: <repstopdf --outfile=figure/1-eps-converted-to.
pdf figure/1.eps>
(epstopdf)             \includegraphics on input line 273.
Package epstopdf Info: Output file is already uptodate.
 <figure/1-eps-converted-to.pdf, id=206, 462.72874pt x 346.29375pt>
File: figure/1-eps-converted-to.pdf Graphic file (type pdf)

<use figure/1-eps-converted-to.pdf>
Package pdftex.def Info: figure/1-eps-converted-to.pdf used on input line 273.
(pdftex.def)             Requested size: 200.90137pt x 150.35121pt.
Package epstopdf Info: Source file: <figure/2.eps>
(epstopdf)                    date: 2018-07-09 00:55:21
(epstopdf)                    size: 27758 bytes
(epstopdf)             Output file: <figure/2-eps-converted-to.pdf>
(epstopdf)                    date: 2018-07-09 00:58:45
(epstopdf)                    size: 19925 bytes
(epstopdf)             Command: <repstopdf --outfile=figure/2-eps-converted-to.
pdf figure/2.eps>
(epstopdf)             \includegraphics on input line 278.
Package epstopdf Info: Output file is already uptodate.

<figure/2-eps-converted-to.pdf, id=207, 462.72874pt x 346.29375pt>
File: figure/2-eps-converted-to.pdf Graphic file (type pdf)

<use figure/2-eps-converted-to.pdf>
Package pdftex.def Info: figure/2-eps-converted-to.pdf used on input line 278.
(pdftex.def)             Requested size: 200.90137pt x 150.35121pt.
Package epstopdf Info: Source file: <figure/3.eps>
(epstopdf)                    date: 2018-07-09 00:55:21
(epstopdf)                    size: 26645 bytes
(epstopdf)             Output file: <figure/3-eps-converted-to.pdf>
(epstopdf)                    date: 2018-07-09 00:58:45
(epstopdf)                    size: 20078 bytes
(epstopdf)             Command: <repstopdf --outfile=figure/3-eps-converted-to.
pdf figure/3.eps>
(epstopdf)             \includegraphics on input line 283.
Package epstopdf Info: Output file is already uptodate.

<figure/3-eps-converted-to.pdf, id=208, 462.72874pt x 346.29375pt>
File: figure/3-eps-converted-to.pdf Graphic file (type pdf)

<use figure/3-eps-converted-to.pdf>
Package pdftex.def Info: figure/3-eps-converted-to.pdf used on input line 283.
(pdftex.def)             Requested size: 200.90137pt x 150.35121pt.
Package epstopdf Info: Source file: <figure/4.eps>
(epstopdf)                    date: 2018-07-09 00:55:22
(epstopdf)                    size: 27398 bytes
(epstopdf)             Output file: <figure/4-eps-converted-to.pdf>
(epstopdf)                    date: 2018-07-09 00:58:46
(epstopdf)                    size: 20111 bytes
(epstopdf)             Command: <repstopdf --outfile=figure/4-eps-converted-to.
pdf figure/4.eps>
(epstopdf)             \includegraphics on input line 288.
Package epstopdf Info: Output file is already uptodate.

<figure/4-eps-converted-to.pdf, id=209, 462.72874pt x 346.29375pt>
File: figure/4-eps-converted-to.pdf Graphic file (type pdf)

<use figure/4-eps-converted-to.pdf>
Package pdftex.def Info: figure/4-eps-converted-to.pdf used on input line 288.
(pdftex.def)             Requested size: 200.90137pt x 150.35121pt.
Package epstopdf Info: Source file: <figure/5.eps>
(epstopdf)                    date: 2018-07-09 00:55:22
(epstopdf)                    size: 27974 bytes
(epstopdf)             Output file: <figure/5-eps-converted-to.pdf>
(epstopdf)                    date: 2018-07-09 00:58:46
(epstopdf)                    size: 20865 bytes
(epstopdf)             Command: <repstopdf --outfile=figure/5-eps-converted-to.
pdf figure/5.eps>
(epstopdf)             \includegraphics on input line 295.
Package epstopdf Info: Output file is already uptodate.

<figure/5-eps-converted-to.pdf, id=210, 462.72874pt x 346.29375pt>
File: figure/5-eps-converted-to.pdf Graphic file (type pdf)

<use figure/5-eps-converted-to.pdf>
Package pdftex.def Info: figure/5-eps-converted-to.pdf used on input line 295.
(pdftex.def)             Requested size: 184.50081pt x 138.07646pt.
Package epstopdf Info: Source file: <figure/6.eps>
(epstopdf)                    date: 2018-07-09 00:55:22
(epstopdf)                    size: 27983 bytes
(epstopdf)             Output file: <figure/6-eps-converted-to.pdf>
(epstopdf)                    date: 2018-07-09 00:58:46
(epstopdf)                    size: 20341 bytes
(epstopdf)             Command: <repstopdf --outfile=figure/6-eps-converted-to.
pdf figure/6.eps>
(epstopdf)             \includegraphics on input line 300.
Package epstopdf Info: Output file is already uptodate.

<figure/6-eps-converted-to.pdf, id=211, 462.72874pt x 346.29375pt>
File: figure/6-eps-converted-to.pdf Graphic file (type pdf)

<use figure/6-eps-converted-to.pdf>
Package pdftex.def Info: figure/6-eps-converted-to.pdf used on input line 300.
(pdftex.def)             Requested size: 184.50081pt x 138.07646pt.
Package epstopdf Info: Source file: <figure/7.eps>
(epstopdf)                    date: 2018-07-09 00:55:22
(epstopdf)                    size: 27789 bytes
(epstopdf)             Output file: <figure/7-eps-converted-to.pdf>
(epstopdf)                    date: 2018-07-09 00:58:47
(epstopdf)                    size: 20447 bytes
(epstopdf)             Command: <repstopdf --outfile=figure/7-eps-converted-to.
pdf figure/7.eps>
(epstopdf)             \includegraphics on input line 305.
Package epstopdf Info: Output file is already uptodate.

<figure/7-eps-converted-to.pdf, id=212, 462.72874pt x 346.29375pt>
File: figure/7-eps-converted-to.pdf Graphic file (type pdf)

<use figure/7-eps-converted-to.pdf>
Package pdftex.def Info: figure/7-eps-converted-to.pdf used on input line 305.
(pdftex.def)             Requested size: 184.50081pt x 138.07646pt.
Package epstopdf Info: Source file: <figure/8.eps>
(epstopdf)                    date: 2018-07-09 00:55:23
(epstopdf)                    size: 27671 bytes
(epstopdf)             Output file: <figure/8-eps-converted-to.pdf>
(epstopdf)                    date: 2018-07-09 00:58:47
(epstopdf)                    size: 19507 bytes
(epstopdf)             Command: <repstopdf --outfile=figure/8-eps-converted-to.
pdf figure/8.eps>
(epstopdf)             \includegraphics on input line 310.
Package epstopdf Info: Output file is already uptodate.

<figure/8-eps-converted-to.pdf, id=213, 462.72874pt x 346.29375pt>
File: figure/8-eps-converted-to.pdf Graphic file (type pdf)

<use figure/8-eps-converted-to.pdf>
Package pdftex.def Info: figure/8-eps-converted-to.pdf used on input line 310.
(pdftex.def)             Requested size: 184.50081pt x 138.07646pt.
Package epstopdf Info: Source file: <figure/9.eps>
(epstopdf)                    date: 2018-07-09 00:55:23
(epstopdf)                    size: 27332 bytes
(epstopdf)             Output file: <figure/9-eps-converted-to.pdf>
(epstopdf)                    date: 2018-07-09 00:58:48
(epstopdf)                    size: 19557 bytes
(epstopdf)             Command: <repstopdf --outfile=figure/9-eps-converted-to.
pdf figure/9.eps>
(epstopdf)             \includegraphics on input line 315.
Package epstopdf Info: Output file is already uptodate.

<figure/9-eps-converted-to.pdf, id=214, 462.72874pt x 346.29375pt>
File: figure/9-eps-converted-to.pdf Graphic file (type pdf)

<use figure/9-eps-converted-to.pdf>
Package pdftex.def Info: figure/9-eps-converted-to.pdf used on input line 315.
(pdftex.def)             Requested size: 184.50081pt x 138.07646pt.
Package epstopdf Info: Source file: <figure/10.eps>
(epstopdf)                    date: 2018-07-09 00:55:23
(epstopdf)                    size: 28342 bytes
(epstopdf)             Output file: <figure/10-eps-converted-to.pdf>
(epstopdf)                    date: 2018-07-09 00:58:48
(epstopdf)                    size: 19951 bytes
(epstopdf)             Command: <repstopdf --outfile=figure/10-eps-converted-to
.pdf figure/10.eps>
(epstopdf)             \includegraphics on input line 320.
Package epstopdf Info: Output file is already uptodate.

<figure/10-eps-converted-to.pdf, id=215, 462.72874pt x 346.29375pt>
File: figure/10-eps-converted-to.pdf Graphic file (type pdf)

<use figure/10-eps-converted-to.pdf>
Package pdftex.def Info: figure/10-eps-converted-to.pdf used on input line 320.

(pdftex.def)             Requested size: 184.50081pt x 138.07646pt.
Package epstopdf Info: Source file: <figure/11.eps>
(epstopdf)                    date: 2018-07-09 00:55:23
(epstopdf)                    size: 29077 bytes
(epstopdf)             Output file: <figure/11-eps-converted-to.pdf>
(epstopdf)                    date: 2018-07-09 00:58:49
(epstopdf)                    size: 20450 bytes
(epstopdf)             Command: <repstopdf --outfile=figure/11-eps-converted-to
.pdf figure/11.eps>
(epstopdf)             \includegraphics on input line 325.
Package epstopdf Info: Output file is already uptodate.

<figure/11-eps-converted-to.pdf, id=216, 462.72874pt x 346.29375pt>
File: figure/11-eps-converted-to.pdf Graphic file (type pdf)

<use figure/11-eps-converted-to.pdf>
Package pdftex.def Info: figure/11-eps-converted-to.pdf used on input line 325.

(pdftex.def)             Requested size: 184.50081pt x 138.07646pt.
Package epstopdf Info: Source file: <figure/12.eps>
(epstopdf)                    date: 2018-07-09 00:55:24
(epstopdf)                    size: 29480 bytes
(epstopdf)             Output file: <figure/12-eps-converted-to.pdf>
(epstopdf)                    date: 2018-07-09 00:58:49
(epstopdf)                    size: 20944 bytes
(epstopdf)             Command: <repstopdf --outfile=figure/12-eps-converted-to
.pdf figure/12.eps>
(epstopdf)             \includegraphics on input line 330.
Package epstopdf Info: Output file is already uptodate.

<figure/12-eps-converted-to.pdf, id=217, 462.72874pt x 346.29375pt>
File: figure/12-eps-converted-to.pdf Graphic file (type pdf)

<use figure/12-eps-converted-to.pdf>
Package pdftex.def Info: figure/12-eps-converted-to.pdf used on input line 330.

(pdftex.def)             Requested size: 184.50081pt x 138.07646pt.
Package epstopdf Info: Source file: <figure/13.eps>
(epstopdf)                    date: 2018-07-09 00:55:24
(epstopdf)                    size: 28341 bytes
(epstopdf)             Output file: <figure/13-eps-converted-to.pdf>
(epstopdf)                    date: 2018-07-09 00:58:49
(epstopdf)                    size: 19904 bytes
(epstopdf)             Command: <repstopdf --outfile=figure/13-eps-converted-to
.pdf figure/13.eps>
(epstopdf)             \includegraphics on input line 335.
Package epstopdf Info: Output file is already uptodate.

<figure/13-eps-converted-to.pdf, id=218, 462.72874pt x 346.29375pt>
File: figure/13-eps-converted-to.pdf Graphic file (type pdf)

<use figure/13-eps-converted-to.pdf>
Package pdftex.def Info: figure/13-eps-converted-to.pdf used on input line 335.

(pdftex.def)             Requested size: 184.50081pt x 138.07646pt.
Package epstopdf Info: Source file: <figure/14.eps>
(epstopdf)                    date: 2018-07-09 00:55:24
(epstopdf)                    size: 29151 bytes
(epstopdf)             Output file: <figure/14-eps-converted-to.pdf>
(epstopdf)                    date: 2018-07-09 00:58:50
(epstopdf)                    size: 20195 bytes
(epstopdf)             Command: <repstopdf --outfile=figure/14-eps-converted-to
.pdf figure/14.eps>
(epstopdf)             \includegraphics on input line 340.
Package epstopdf Info: Output file is already uptodate.

<figure/14-eps-converted-to.pdf, id=219, 462.72874pt x 346.29375pt>
File: figure/14-eps-converted-to.pdf Graphic file (type pdf)

<use figure/14-eps-converted-to.pdf>
Package pdftex.def Info: figure/14-eps-converted-to.pdf used on input line 340.

(pdftex.def)             Requested size: 184.50081pt x 138.07646pt.
Package epstopdf Info: Source file: <figure/15.eps>
(epstopdf)                    date: 2018-07-09 00:55:24
(epstopdf)                    size: 28790 bytes
(epstopdf)             Output file: <figure/15-eps-converted-to.pdf>
(epstopdf)                    date: 2018-07-09 00:58:50
(epstopdf)                    size: 20071 bytes
(epstopdf)             Command: <repstopdf --outfile=figure/15-eps-converted-to
.pdf figure/15.eps>
(epstopdf)             \includegraphics on input line 345.
Package epstopdf Info: Output file is already uptodate.

<figure/15-eps-converted-to.pdf, id=220, 462.72874pt x 346.29375pt>
File: figure/15-eps-converted-to.pdf Graphic file (type pdf)

<use figure/15-eps-converted-to.pdf>
Package pdftex.def Info: figure/15-eps-converted-to.pdf used on input line 345.

(pdftex.def)             Requested size: 184.50081pt x 138.07646pt.
Package epstopdf Info: Source file: <figure/16.eps>
(epstopdf)                    date: 2018-07-09 00:55:25
(epstopdf)                    size: 29622 bytes
(epstopdf)             Output file: <figure/16-eps-converted-to.pdf>
(epstopdf)                    date: 2018-07-09 00:58:51
(epstopdf)                    size: 20389 bytes
(epstopdf)             Command: <repstopdf --outfile=figure/16-eps-converted-to
.pdf figure/16.eps>
(epstopdf)             \includegraphics on input line 350.
Package epstopdf Info: Output file is already uptodate.

<figure/16-eps-converted-to.pdf, id=221, 462.72874pt x 346.29375pt>
File: figure/16-eps-converted-to.pdf Graphic file (type pdf)

<use figure/16-eps-converted-to.pdf>
Package pdftex.def Info: figure/16-eps-converted-to.pdf used on input line 350.

(pdftex.def)             Requested size: 184.50081pt x 138.07646pt.
Package epstopdf Info: Source file: <figure/17.eps>
(epstopdf)                    date: 2018-07-09 00:55:25
(epstopdf)                    size: 30044 bytes
(epstopdf)             Output file: <figure/17-eps-converted-to.pdf>
(epstopdf)                    date: 2018-07-09 00:58:51
(epstopdf)                    size: 21209 bytes
(epstopdf)             Command: <repstopdf --outfile=figure/17-eps-converted-to
.pdf figure/17.eps>
(epstopdf)             \includegraphics on input line 355.
Package epstopdf Info: Output file is already uptodate.

<figure/17-eps-converted-to.pdf, id=222, 462.72874pt x 346.29375pt>
File: figure/17-eps-converted-to.pdf Graphic file (type pdf)

<use figure/17-eps-converted-to.pdf>
Package pdftex.def Info: figure/17-eps-converted-to.pdf used on input line 355.

(pdftex.def)             Requested size: 184.50081pt x 138.07646pt.
Package epstopdf Info: Source file: <figure/18.eps>
(epstopdf)                    date: 2018-07-09 00:55:25
(epstopdf)                    size: 30855 bytes
(epstopdf)             Output file: <figure/18-eps-converted-to.pdf>
(epstopdf)                    date: 2018-07-09 00:58:52
(epstopdf)                    size: 21353 bytes
(epstopdf)             Command: <repstopdf --outfile=figure/18-eps-converted-to
.pdf figure/18.eps>
(epstopdf)             \includegraphics on input line 360.
Package epstopdf Info: Output file is already uptodate.

<figure/18-eps-converted-to.pdf, id=223, 462.72874pt x 346.29375pt>
File: figure/18-eps-converted-to.pdf Graphic file (type pdf)

<use figure/18-eps-converted-to.pdf>
Package pdftex.def Info: figure/18-eps-converted-to.pdf used on input line 360.

(pdftex.def)             Requested size: 184.50081pt x 138.07646pt.
Package epstopdf Info: Source file: <figure/19.eps>
(epstopdf)                    date: 2018-07-09 00:55:25
(epstopdf)                    size: 31119 bytes
(epstopdf)             Output file: <figure/19-eps-converted-to.pdf>
(epstopdf)                    date: 2018-07-09 00:58:52
(epstopdf)                    size: 21976 bytes
(epstopdf)             Command: <repstopdf --outfile=figure/19-eps-converted-to
.pdf figure/19.eps>
(epstopdf)             \includegraphics on input line 365.
Package epstopdf Info: Output file is already uptodate.

<figure/19-eps-converted-to.pdf, id=224, 462.72874pt x 346.29375pt>
File: figure/19-eps-converted-to.pdf Graphic file (type pdf)

<use figure/19-eps-converted-to.pdf>
Package pdftex.def Info: figure/19-eps-converted-to.pdf used on input line 365.

(pdftex.def)             Requested size: 184.50081pt x 138.07646pt.
Package epstopdf Info: Source file: <figure/20.eps>
(epstopdf)                    date: 2018-07-09 00:55:26
(epstopdf)                    size: 30980 bytes
(epstopdf)             Output file: <figure/20-eps-converted-to.pdf>
(epstopdf)                    date: 2018-07-09 00:58:53
(epstopdf)                    size: 21174 bytes
(epstopdf)             Command: <repstopdf --outfile=figure/20-eps-converted-to
.pdf figure/20.eps>
(epstopdf)             \includegraphics on input line 370.
Package epstopdf Info: Output file is already uptodate.

<figure/20-eps-converted-to.pdf, id=225, 462.72874pt x 346.29375pt>
File: figure/20-eps-converted-to.pdf Graphic file (type pdf)

<use figure/20-eps-converted-to.pdf>
Package pdftex.def Info: figure/20-eps-converted-to.pdf used on input line 370.

(pdftex.def)             Requested size: 184.50081pt x 138.07646pt.
Package epstopdf Info: Source file: <figure/21.eps>
(epstopdf)                    date: 2018-07-09 00:55:26
(epstopdf)                    size: 30691 bytes
(epstopdf)             Output file: <figure/21-eps-converted-to.pdf>
(epstopdf)                    date: 2018-07-09 00:58:53
(epstopdf)                    size: 21174 bytes
(epstopdf)             Command: <repstopdf --outfile=figure/21-eps-converted-to
.pdf figure/21.eps>
(epstopdf)             \includegraphics on input line 375.
Package epstopdf Info: Output file is already uptodate.

<figure/21-eps-converted-to.pdf, id=226, 462.72874pt x 346.29375pt>
File: figure/21-eps-converted-to.pdf Graphic file (type pdf)

<use figure/21-eps-converted-to.pdf>
Package pdftex.def Info: figure/21-eps-converted-to.pdf used on input line 375.

(pdftex.def)             Requested size: 184.50081pt x 138.07646pt.
Package epstopdf Info: Source file: <figure/22.eps>
(epstopdf)                    date: 2018-07-09 00:55:26
(epstopdf)                    size: 31180 bytes
(epstopdf)             Output file: <figure/22-eps-converted-to.pdf>
(epstopdf)                    date: 2018-07-09 00:58:53
(epstopdf)                    size: 21597 bytes
(epstopdf)             Command: <repstopdf --outfile=figure/22-eps-converted-to
.pdf figure/22.eps>
(epstopdf)             \includegraphics on input line 380.
Package epstopdf Info: Output file is already uptodate.

<figure/22-eps-converted-to.pdf, id=227, 462.72874pt x 346.29375pt>
File: figure/22-eps-converted-to.pdf Graphic file (type pdf)

<use figure/22-eps-converted-to.pdf>
Package pdftex.def Info: figure/22-eps-converted-to.pdf used on input line 380.

(pdftex.def)             Requested size: 184.50081pt x 138.07646pt.
Package epstopdf Info: Source file: <figure/23.eps>
(epstopdf)                    date: 2018-07-09 00:55:26
(epstopdf)                    size: 31996 bytes
(epstopdf)             Output file: <figure/23-eps-converted-to.pdf>
(epstopdf)                    date: 2018-07-09 00:58:54
(epstopdf)                    size: 21695 bytes
(epstopdf)             Command: <repstopdf --outfile=figure/23-eps-converted-to
.pdf figure/23.eps>
(epstopdf)             \includegraphics on input line 385.
Package epstopdf Info: Output file is already uptodate.

<figure/23-eps-converted-to.pdf, id=228, 462.72874pt x 346.29375pt>
File: figure/23-eps-converted-to.pdf Graphic file (type pdf)

<use figure/23-eps-converted-to.pdf>
Package pdftex.def Info: figure/23-eps-converted-to.pdf used on input line 385.

(pdftex.def)             Requested size: 184.50081pt x 138.07646pt.
Package epstopdf Info: Source file: <figure/24.eps>
(epstopdf)                    date: 2018-07-09 00:55:27
(epstopdf)                    size: 30894 bytes
(epstopdf)             Output file: <figure/24-eps-converted-to.pdf>
(epstopdf)                    date: 2018-07-09 00:58:54
(epstopdf)                    size: 20923 bytes
(epstopdf)             Command: <repstopdf --outfile=figure/24-eps-converted-to
.pdf figure/24.eps>
(epstopdf)             \includegraphics on input line 390.
Package epstopdf Info: Output file is already uptodate.

<figure/24-eps-converted-to.pdf, id=229, 462.72874pt x 346.29375pt>
File: figure/24-eps-converted-to.pdf Graphic file (type pdf)

<use figure/24-eps-converted-to.pdf>
Package pdftex.def Info: figure/24-eps-converted-to.pdf used on input line 390.

(pdftex.def)             Requested size: 184.50081pt x 138.07646pt.
Package epstopdf Info: Source file: <figure/25.eps>
(epstopdf)                    date: 2018-07-09 00:55:27
(epstopdf)                    size: 32312 bytes
(epstopdf)             Output file: <figure/25-eps-converted-to.pdf>
(epstopdf)                    date: 2018-07-09 00:58:55
(epstopdf)                    size: 21813 bytes
(epstopdf)             Command: <repstopdf --outfile=figure/25-eps-converted-to
.pdf figure/25.eps>
(epstopdf)             \includegraphics on input line 395.
Package epstopdf Info: Output file is already uptodate.

<figure/25-eps-converted-to.pdf, id=230, 462.72874pt x 346.29375pt>
File: figure/25-eps-converted-to.pdf Graphic file (type pdf)

<use figure/25-eps-converted-to.pdf>
Package pdftex.def Info: figure/25-eps-converted-to.pdf used on input line 395.

(pdftex.def)             Requested size: 184.50081pt x 138.07646pt.
Package epstopdf Info: Source file: <figure/26.eps>
(epstopdf)                    date: 2018-07-09 00:55:27
(epstopdf)                    size: 32027 bytes
(epstopdf)             Output file: <figure/26-eps-converted-to.pdf>
(epstopdf)                    date: 2018-07-09 00:58:55
(epstopdf)                    size: 21926 bytes
(epstopdf)             Command: <repstopdf --outfile=figure/26-eps-converted-to
.pdf figure/26.eps>
(epstopdf)             \includegraphics on input line 400.
Package epstopdf Info: Output file is already uptodate.

<figure/26-eps-converted-to.pdf, id=231, 462.72874pt x 346.29375pt>
File: figure/26-eps-converted-to.pdf Graphic file (type pdf)

<use figure/26-eps-converted-to.pdf>
Package pdftex.def Info: figure/26-eps-converted-to.pdf used on input line 400.

(pdftex.def)             Requested size: 184.50081pt x 138.07646pt.
Package epstopdf Info: Source file: <figure/27.eps>
(epstopdf)                    date: 2018-07-09 00:55:27
(epstopdf)                    size: 31910 bytes
(epstopdf)             Output file: <figure/27-eps-converted-to.pdf>
(epstopdf)                    date: 2018-07-09 00:58:56
(epstopdf)                    size: 21151 bytes
(epstopdf)             Command: <repstopdf --outfile=figure/27-eps-converted-to
.pdf figure/27.eps>
(epstopdf)             \includegraphics on input line 405.
Package epstopdf Info: Output file is already uptodate.

<figure/27-eps-converted-to.pdf, id=232, 462.72874pt x 346.29375pt>
File: figure/27-eps-converted-to.pdf Graphic file (type pdf)

<use figure/27-eps-converted-to.pdf>
Package pdftex.def Info: figure/27-eps-converted-to.pdf used on input line 405.

(pdftex.def)             Requested size: 184.50081pt x 138.07646pt.
Package epstopdf Info: Source file: <figure/28.eps>
(epstopdf)                    date: 2018-07-09 00:55:28
(epstopdf)                    size: 32087 bytes
(epstopdf)             Output file: <figure/28-eps-converted-to.pdf>
(epstopdf)                    date: 2018-07-09 00:58:56
(epstopdf)                    size: 21587 bytes
(epstopdf)             Command: <repstopdf --outfile=figure/28-eps-converted-to
.pdf figure/28.eps>
(epstopdf)             \includegraphics on input line 410.
Package epstopdf Info: Output file is already uptodate.

<figure/28-eps-converted-to.pdf, id=233, 462.72874pt x 346.29375pt>
File: figure/28-eps-converted-to.pdf Graphic file (type pdf)

<use figure/28-eps-converted-to.pdf>
Package pdftex.def Info: figure/28-eps-converted-to.pdf used on input line 410.

(pdftex.def)             Requested size: 184.50081pt x 138.07646pt.
Package epstopdf Info: Source file: <figure/29.eps>
(epstopdf)                    date: 2018-07-09 00:55:28
(epstopdf)                    size: 32182 bytes
(epstopdf)             Output file: <figure/29-eps-converted-to.pdf>
(epstopdf)                    date: 2018-07-09 00:58:57
(epstopdf)                    size: 21221 bytes
(epstopdf)             Command: <repstopdf --outfile=figure/29-eps-converted-to
.pdf figure/29.eps>
(epstopdf)             \includegraphics on input line 415.
Package epstopdf Info: Output file is already uptodate.

<figure/29-eps-converted-to.pdf, id=234, 462.72874pt x 346.29375pt>
File: figure/29-eps-converted-to.pdf Graphic file (type pdf)

<use figure/29-eps-converted-to.pdf>
Package pdftex.def Info: figure/29-eps-converted-to.pdf used on input line 415.

(pdftex.def)             Requested size: 184.50081pt x 138.07646pt.
Package epstopdf Info: Source file: <figure/30.eps>
(epstopdf)                    date: 2018-07-09 00:55:28
(epstopdf)                    size: 32578 bytes
(epstopdf)             Output file: <figure/30-eps-converted-to.pdf>
(epstopdf)                    date: 2018-07-09 00:58:57
(epstopdf)                    size: 22078 bytes
(epstopdf)             Command: <repstopdf --outfile=figure/30-eps-converted-to
.pdf figure/30.eps>
(epstopdf)             \includegraphics on input line 420.
Package epstopdf Info: Output file is already uptodate.

<figure/30-eps-converted-to.pdf, id=235, 462.72874pt x 346.29375pt>
File: figure/30-eps-converted-to.pdf Graphic file (type pdf)

<use figure/30-eps-converted-to.pdf>
Package pdftex.def Info: figure/30-eps-converted-to.pdf used on input line 420.

(pdftex.def)             Requested size: 184.50081pt x 138.07646pt.
Package epstopdf Info: Source file: <figure/31.eps>
(epstopdf)                    date: 2018-07-09 00:55:28
(epstopdf)                    size: 33175 bytes
(epstopdf)             Output file: <figure/31-eps-converted-to.pdf>
(epstopdf)                    date: 2018-07-09 00:58:57
(epstopdf)                    size: 22137 bytes
(epstopdf)             Command: <repstopdf --outfile=figure/31-eps-converted-to
.pdf figure/31.eps>
(epstopdf)             \includegraphics on input line 425.
Package epstopdf Info: Output file is already uptodate.

<figure/31-eps-converted-to.pdf, id=236, 462.72874pt x 346.29375pt>
File: figure/31-eps-converted-to.pdf Graphic file (type pdf)

<use figure/31-eps-converted-to.pdf>
Package pdftex.def Info: figure/31-eps-converted-to.pdf used on input line 425.

(pdftex.def)             Requested size: 184.50081pt x 138.07646pt.
Package epstopdf Info: Source file: <figure/32.eps>
(epstopdf)                    date: 2018-07-09 00:55:29
(epstopdf)                    size: 32991 bytes
(epstopdf)             Output file: <figure/32-eps-converted-to.pdf>
(epstopdf)                    date: 2018-07-09 00:58:58
(epstopdf)                    size: 21778 bytes
(epstopdf)             Command: <repstopdf --outfile=figure/32-eps-converted-to
.pdf figure/32.eps>
(epstopdf)             \includegraphics on input line 430.
Package epstopdf Info: Output file is already uptodate.

<figure/32-eps-converted-to.pdf, id=237, 462.72874pt x 346.29375pt>
File: figure/32-eps-converted-to.pdf Graphic file (type pdf)

<use figure/32-eps-converted-to.pdf>
Package pdftex.def Info: figure/32-eps-converted-to.pdf used on input line 430.

(pdftex.def)             Requested size: 184.50081pt x 138.07646pt.
Package epstopdf Info: Source file: <figure/33.eps>
(epstopdf)                    date: 2018-07-09 00:55:29
(epstopdf)                    size: 33160 bytes
(epstopdf)             Output file: <figure/33-eps-converted-to.pdf>
(epstopdf)                    date: 2018-07-09 00:58:58
(epstopdf)                    size: 21823 bytes
(epstopdf)             Command: <repstopdf --outfile=figure/33-eps-converted-to
.pdf figure/33.eps>
(epstopdf)             \includegraphics on input line 435.
Package epstopdf Info: Output file is already uptodate.

<figure/33-eps-converted-to.pdf, id=238, 462.72874pt x 346.29375pt>
File: figure/33-eps-converted-to.pdf Graphic file (type pdf)

<use figure/33-eps-converted-to.pdf>
Package pdftex.def Info: figure/33-eps-converted-to.pdf used on input line 435.

(pdftex.def)             Requested size: 184.50081pt x 138.07646pt.
Package epstopdf Info: Source file: <figure/34.eps>
(epstopdf)                    date: 2018-07-09 00:55:29
(epstopdf)                    size: 34077 bytes
(epstopdf)             Output file: <figure/34-eps-converted-to.pdf>
(epstopdf)                    date: 2018-07-09 00:58:59
(epstopdf)                    size: 22836 bytes
(epstopdf)             Command: <repstopdf --outfile=figure/34-eps-converted-to
.pdf figure/34.eps>
(epstopdf)             \includegraphics on input line 440.
Package epstopdf Info: Output file is already uptodate.

<figure/34-eps-converted-to.pdf, id=239, 462.72874pt x 346.29375pt>
File: figure/34-eps-converted-to.pdf Graphic file (type pdf)

<use figure/34-eps-converted-to.pdf>
Package pdftex.def Info: figure/34-eps-converted-to.pdf used on input line 440.

(pdftex.def)             Requested size: 184.50081pt x 138.07646pt.
Package epstopdf Info: Source file: <figure/35.eps>
(epstopdf)                    date: 2018-07-09 00:55:29
(epstopdf)                    size: 32054 bytes
(epstopdf)             Output file: <figure/35-eps-converted-to.pdf>
(epstopdf)                    date: 2018-07-09 00:58:59
(epstopdf)                    size: 21409 bytes
(epstopdf)             Command: <repstopdf --outfile=figure/35-eps-converted-to
.pdf figure/35.eps>
(epstopdf)             \includegraphics on input line 445.
Package epstopdf Info: Output file is already uptodate.

<figure/35-eps-converted-to.pdf, id=240, 462.72874pt x 346.29375pt>
File: figure/35-eps-converted-to.pdf Graphic file (type pdf)

<use figure/35-eps-converted-to.pdf>
Package pdftex.def Info: figure/35-eps-converted-to.pdf used on input line 445.

(pdftex.def)             Requested size: 184.50081pt x 138.07646pt.
Package epstopdf Info: Source file: <figure/36.eps>
(epstopdf)                    date: 2018-07-09 00:55:30
(epstopdf)                    size: 31747 bytes
(epstopdf)             Output file: <figure/36-eps-converted-to.pdf>
(epstopdf)                    date: 2018-07-09 00:59:00
(epstopdf)                    size: 20640 bytes
(epstopdf)             Command: <repstopdf --outfile=figure/36-eps-converted-to
.pdf figure/36.eps>
(epstopdf)             \includegraphics on input line 450.
Package epstopdf Info: Output file is already uptodate.

<figure/36-eps-converted-to.pdf, id=241, 462.72874pt x 346.29375pt>
File: figure/36-eps-converted-to.pdf Graphic file (type pdf)

<use figure/36-eps-converted-to.pdf>
Package pdftex.def Info: figure/36-eps-converted-to.pdf used on input line 450.

(pdftex.def)             Requested size: 184.50081pt x 138.07646pt.
 [3 <./figure/1-eps-converted-to.pdf> <./figure/2-eps-converted-to.pdf> <./figu
re/3-eps-converted-to.pdf> <./figure/4-eps-converted-to.pdf>] [4 <./figure/5-ep
s-converted-to.pdf> <./figure/6-eps-converted-to.pdf> <./figure/7-eps-converted
-to.pdf> <./figure/8-eps-converted-to.pdf> <./figure/9-eps-converted-to.pdf> <.
/figure/10-eps-converted-to.pdf> <./figure/11-eps-converted-to.pdf> <./figure/1
2-eps-converted-to.pdf>] [5 <./figure/13-eps-converted-to.pdf> <./figure/14-eps
-converted-to.pdf> <./figure/15-eps-converted-to.pdf> <./figure/16-eps-converte
d-to.pdf> <./figure/17-eps-converted-to.pdf> <./figure/18-eps-converted-to.pdf>
 <./figure/19-eps-converted-to.pdf> <./figure/20-eps-converted-to.pdf>] [6 <./f
igure/21-eps-converted-to.pdf> <./figure/22-eps-converted-to.pdf> <./figure/23-
eps-converted-to.pdf> <./figure/24-eps-converted-to.pdf> <./figure/25-eps-conve
rted-to.pdf> <./figure/26-eps-converted-to.pdf> <./figure/27-eps-converted-to.p
df> <./figure/28-eps-converted-to.pdf>]
[7 <./figure/29-eps-converted-to.pdf> <./figure/30-eps-converted-to.pdf> <./fig
ure/31-eps-converted-to.pdf> <./figure/32-eps-converted-to.pdf> <./figure/33-ep
s-converted-to.pdf> <./figure/34-eps-converted-to.pdf> <./figure/35-eps-convert
ed-to.pdf> <./figure/36-eps-converted-to.pdf>]
Package hyperref Info: bookmark level for unknown lstlisting defaults to 0 on i
nput line 464.
LaTeX Font Info:    Try loading font information for OT1+pcr on input line 464.


(/usr/share/texlive/texmf-dist/tex/latex/psnfss/ot1pcr.fd
File: ot1pcr.fd 2001/06/04 font definitions for OT1/pcr.
)
(./program/schrodinger.c
LaTeX Font Info:    Font shape `OT1/pcr/bx/n' in size <8> not available
(Font)              Font shape `OT1/pcr/b/n' tried instead on input line 1.
LaTeX Font Info:    Try loading font information for OML+pcr on input line 1.

(/usr/share/texlive/texmf-dist/tex/latex/psnfss/omlpcr.fd
File: omlpcr.fd 
)
LaTeX Font Info:    Font shape `OML/pcr/m/n' in size <8> not available
(Font)              Font shape `OML/cmm/m/it' tried instead on input line 1.

Overfull \hbox (1.99977pt too wide) in paragraph at lines 5--6
[][][][][][][][][][][][][][][][][][][][][][][][][][][][][][][][][][][][][][][][
][][][][][][][][][][][][][][][][][][][][] 
 []

LaTeX Font Info:    Try loading font information for OMS+pcr on input line 9.
(/usr/share/texlive/texmf-dist/tex/latex/psnfss/omspcr.fd
File: omspcr.fd 
)
LaTeX Font Info:    Font shape `OMS/pcr/m/n' in size <8> not available
(Font)              Font shape `OMS/cmsy/m/n' tried instead on input line 9.
 [8

]
Underfull \vbox (badness 10000) has occurred while \output is active []

 [9]
Underfull \vbox (badness 10000) has occurred while \output is active []

 [10])
(./program/plot.py) [11]
Underfull \hbox (badness 2119) in paragraph at lines 484--485
[]\OT1/cmr/m/n/10 Schr^^?odinger, Er-win (De-cem-ber 1926). "An Un-du-la-tory T
he-ory of the Me-chan-ics of
 []


Underfull \hbox (badness 1490) in paragraph at lines 484--485
\OT1/cmr/m/n/10 Atoms and Molecules". Phys. Rev. 28 (6): 1049{1070. Bib-code:19
26PhRv...28.1049S.
 []


Underfull \hbox (badness 2393) in paragraph at lines 487--488
[]\OT1/cmr/m/n/10 Numerov, Boris Vasil'evich (1927), "Note on the nu-mer-i-cal 
in-te-gra-tion of d2x/dt2
 []


Underfull \hbox (badness 4291) in paragraph at lines 487--488
\OT1/cmr/m/n/10 = f(x,t)", As-tronomis-che Nachrichten, 230: 359{364, Bib-code:
1927AN....230..359N,
 []

Package atveryend Info: Empty hook `BeforeClearDocument' on input line 494.
[12]
Package atveryend Info: Empty hook `AfterLastShipout' on input line 494.
 (./ËÆ°ÁÆóÁâ©ÁêÜÁ¨¨‰∏âÊ¨°‰Ωú‰∏ö.aux)
Package atveryend Info: Executing hook `AtVeryEndDocument' on input line 494.
Package atveryend Info: Executing hook `AtEndAfterFileList' on input line 494.
Package rerunfilecheck Info: File `ËÆ°ÁÆóÁâ©ÁêÜÁ¨¨‰∏âÊ¨°‰Ωú‰∏ö.out' has not cha
nged.
(rerunfilecheck)             Checksum: 44E1D948CE43D7BDF84D5982DD780D9C;1158.


LaTeX Font Warning: Some font shapes were not available, defaults substituted.

Package atveryend Info: Empty hook `AtVeryVeryEnd' on input line 494.
 ) 
Here is how much of TeX's memory you used:
 17250 strings out of 493029
 238326 string characters out of 6136233
 371665 words of memory out of 5000000
 19972 multiletter control sequences out of 15000+600000
 50952 words of font info for 183 fonts, out of 8000000 for 9000
 1141 hyphenation exceptions out of 8191
 36i,14n,43p,2234b,2988s stack positions out of 5000i,500n,10000p,200000b,80000s
{/usr/share/texlive/texmf-dist/fonts/enc/dvips/base/8r.enc}</usr/share/texliv
e/texmf-dist/fonts/type1/public/amsfonts/cm/cmbx10.pfb></usr/share/texlive/texm
f-dist/fonts/type1/public/amsfonts/cm/cmbx12.pfb></usr/share/texlive/texmf-dist
/fonts/type1/public/amsfonts/cm/cmbx9.pfb></usr/share/texlive/texmf-dist/fonts/
type1/public/amsfonts/cm/cmex10.pfb></usr/share/texlive/texmf-dist/fonts/type1/
public/amsfonts/cm/cmmi10.pfb></usr/share/texlive/texmf-dist/fonts/type1/public
/amsfonts/cm/cmmi5.pfb></usr/share/texlive/texmf-dist/fonts/type1/public/amsfon
ts/cm/cmmi7.pfb></usr/share/texlive/texmf-dist/fonts/type1/public/amsfonts/cm/c
mmi8.pfb></usr/share/texlive/texmf-dist/fonts/type1/public/amsfonts/cm/cmr10.pf
b></usr/share/texlive/texmf-dist/fonts/type1/public/amsfonts/cm/cmr5.pfb></usr/
share/texlive/texmf-dist/fonts/type1/public/amsfonts/cm/cmr7.pfb></usr/share/te
xlive/texmf-dist/fonts/type1/public/amsfonts/cm/cmr9.pfb></usr/share/texlive/te
xmf-dist/fonts/type1/public/amsfonts/cm/cmsy10.pfb></usr/share/texlive/texmf-di
st/fonts/type1/public/amsfonts/cm/cmsy5.pfb></usr/share/texlive/texmf-dist/font
s/type1/public/amsfonts/cm/cmsy6.pfb></usr/share/texlive/texmf-dist/fonts/type1
/public/amsfonts/cm/cmsy7.pfb></usr/share/texlive/texmf-dist/fonts/type1/public
/amsfonts/cm/cmsy8.pfb></usr/share/texlive/texmf-dist/fonts/type1/public/amsfon
ts/cm/cmti9.pfb></usr/share/texmf/fonts/type1/arphic/gkaiu/gkaiu30.pfb></usr/sh
are/texmf/fonts/type1/arphic/gkaiu/gkaiu4e.pfb></usr/share/texmf/fonts/type1/ar
phic/gkaiu/gkaiu4f.pfb></usr/share/texmf/fonts/type1/arphic/gkaiu/gkaiu50.pfb><
/usr/share/texmf/fonts/type1/arphic/gkaiu/gkaiu51.pfb></usr/share/texmf/fonts/t
ype1/arphic/gkaiu/gkaiu52.pfb></usr/share/texmf/fonts/type1/arphic/gkaiu/gkaiu5
3.pfb></usr/share/texmf/fonts/type1/arphic/gkaiu/gkaiu54.pfb></usr/share/texmf/
fonts/type1/arphic/gkaiu/gkaiu56.pfb></usr/share/texmf/fonts/type1/arphic/gkaiu
/gkaiu57.pfb></usr/share/texmf/fonts/type1/arphic/gkaiu/gkaiu58.pfb></usr/share
/texmf/fonts/type1/arphic/gkaiu/gkaiu59.pfb></usr/share/texmf/fonts/type1/arphi
c/gkaiu/gkaiu5b.pfb></usr/share/texmf/fonts/type1/arphic/gkaiu/gkaiu5c.pfb></us
r/share/texmf/fonts/type1/arphic/gkaiu/gkaiu5d.pfb></usr/share/texmf/fonts/type
1/arphic/gkaiu/gkaiu5e.pfb></usr/share/texmf/fonts/type1/arphic/gkaiu/gkaiu5f.p
fb></usr/share/texmf/fonts/type1/arphic/gkaiu/gkaiu60.pfb></usr/share/texmf/fon
ts/type1/arphic/gkaiu/gkaiu61.pfb></usr/share/texmf/fonts/type1/arphic/gkaiu/gk
aiu62.pfb></usr/share/texmf/fonts/type1/arphic/gkaiu/gkaiu63.pfb></usr/share/te
xmf/fonts/type1/arphic/gkaiu/gkaiu64.pfb></usr/share/texmf/fonts/type1/arphic/g
kaiu/gkaiu65.pfb></usr/share/texmf/fonts/type1/arphic/gkaiu/gkaiu66.pfb></usr/s
hare/texmf/fonts/type1/arphic/gkaiu/gkaiu67.pfb></usr/share/texmf/fonts/type1/a
rphic/gkaiu/gkaiu68.pfb></usr/share/texmf/fonts/type1/arphic/gkaiu/gkaiu6b.pfb>
</usr/share/texmf/fonts/type1/arphic/gkaiu/gkaiu6c.pfb></usr/share/texmf/fonts/
type1/arphic/gkaiu/gkaiu6d.pfb></usr/share/texmf/fonts/type1/arphic/gkaiu/gkaiu
6e.pfb></usr/share/texmf/fonts/type1/arphic/gkaiu/gkaiu70.pfb></usr/share/texmf
/fonts/type1/arphic/gkaiu/gkaiu72.pfb></usr/share/texmf/fonts/type1/arphic/gkai
u/gkaiu73.pfb></usr/share/texmf/fonts/type1/arphic/gkaiu/gkaiu74.pfb></usr/shar
e/texmf/fonts/type1/arphic/gkaiu/gkaiu75.pfb></usr/share/texmf/fonts/type1/arph
ic/gkaiu/gkaiu76.pfb></usr/share/texmf/fonts/type1/arphic/gkaiu/gkaiu78.pfb></u
sr/share/texmf/fonts/type1/arphic/gkaiu/gkaiu79.pfb></usr/share/texmf/fonts/typ
e1/arphic/gkaiu/gkaiu7a.pfb></usr/share/texmf/fonts/type1/arphic/gkaiu/gkaiu7b.
pfb></usr/share/texmf/fonts/type1/arphic/gkaiu/gkaiu7c.pfb></usr/share/texmf/fo
nts/type1/arphic/gkaiu/gkaiu7d.pfb></usr/share/texmf/fonts/type1/arphic/gkaiu/g
kaiu7e.pfb></usr/share/texmf/fonts/type1/arphic/gkaiu/gkaiu80.pfb></usr/share/t
exmf/fonts/type1/arphic/gkaiu/gkaiu81.pfb></usr/share/texmf/fonts/type1/arphic/
gkaiu/gkaiu82.pfb></usr/share/texmf/fonts/type1/arphic/gkaiu/gkaiu83.pfb></usr/
share/texmf/fonts/type1/arphic/gkaiu/gkaiu88.pfb></usr/share/texmf/fonts/type1/
arphic/gkaiu/gkaiu89.pfb></usr/share/texmf/fonts/type1/arphic/gkaiu/gkaiu8a.pfb
></usr/share/texmf/fonts/type1/arphic/gkaiu/gkaiu8b.pfb></usr/share/texmf/fonts
/type1/arphic/gkaiu/gkaiu8c.pfb></usr/share/texmf/fonts/type1/arphic/gkaiu/gkai
u8d.pfb></usr/share/texmf/fonts/type1/arphic/gkaiu/gkaiu8f.pfb></usr/share/texm
f/fonts/type1/arphic/gkaiu/gkaiu90.pfb></usr/share/texmf/fonts/type1/arphic/gka
iu/gkaiu91.pfb></usr/share/texmf/fonts/type1/arphic/gkaiu/gkaiu95.pfb></usr/sha
re/texmf/fonts/type1/arphic/gkaiu/gkaiu96.pfb></usr/share/texmf/fonts/type1/arp
hic/gkaiu/gkaiu97.pfb></usr/share/texmf/fonts/type1/arphic/gkaiu/gkaiu98.pfb></
usr/share/texmf/fonts/type1/arphic/gkaiu/gkaiu9a.pfb></usr/share/texmf/fonts/ty
pe1/arphic/gkaiu/gkaiu9f.pfb></usr/share/texmf/fonts/type1/arphic/gkaiu/gkaiuff
.pfb></usr/share/texlive/texmf-dist/fonts/type1/public/amsfonts/symbols/msam10.
pfb></usr/share/texlive/texmf-dist/fonts/type1/public/amsfonts/symbols/msbm10.p
fb></usr/share/texlive/texmf-dist/fonts/type1/urw/courier/ucrb8a.pfb></usr/shar
e/texlive/texmf-dist/fonts/type1/urw/courier/ucrr8a.pfb>
Output written on ËÆ°ÁÆóÁâ©ÁêÜÁ¨¨‰∏âÊ¨°‰Ωú‰∏ö.pdf (12 pages, 1181141 bytes).
PDF statistics:
 2470 PDF objects out of 2487 (max. 8388607)
 953 compressed objects within 10 object streams
 284 named destinations out of 1000 (max. 500000)
 534 words of extra memory for PDF output out of 10000 (max. 10000000)

