\BOOKMARK [1][-]{section.1}{\376\377\000S\000h\000e\000r\000m\000a\000n\000-\000M\000o\000r\000r\000i\000s\000o\000n\121\154\137\017}{}% 1
\BOOKMARK [2][-]{subsection.1.1}{\376\377\225\356\230\230\143\317\217\360}{section.1}% 2
\BOOKMARK [2][-]{subsection.1.2}{\376\377\225\356\230\230\122\006\147\220}{section.1}% 3
\BOOKMARK [3][-]{subsubsection.1.2.1}{\376\377\000S\000h\000e\000r\000m\000a\000n\000-\000M\000o\000r\000r\000i\000s\000o\000n\121\154\137\017\210\150\217\360}{subsection.1.2}% 4
\BOOKMARK [3][-]{subsubsection.1.2.2}{\376\377\000S\000h\000e\000r\000m\000a\000n\000-\000M\000o\000r\000r\000i\000s\000o\000n\121\154\137\017\213\301\146\016}{subsection.1.2}% 5
\BOOKMARK [3][-]{subsubsection.1.2.3}{\376\377\000W\000o\000o\000d\000b\000u\000r\000y\121\154\137\017\210\150\217\360}{subsection.1.2}% 6
\BOOKMARK [3][-]{subsubsection.1.2.4}{\376\377\000S\000h\000e\000r\000m\000a\000n\000-\000M\000o\000r\000r\000i\000s\000o\000n\000-\000W\000o\000o\000d\000b\000u\000r\000y\121\154\137\017\213\301\146\016}{subsection.1.2}% 7
\BOOKMARK [3][-]{subsubsection.1.2.5}{\376\377\122\051\165\050\000S\000h\000e\000r\000m\000a\000n\000-\000M\000o\000r\000r\000i\000s\000o\000n\121\154\137\017\154\102\211\343\137\252\163\257\116\011\133\371\211\322\176\277\140\047\145\271\172\013\176\304}{subsection.1.2}% 8
\BOOKMARK [3][-]{subsubsection.1.2.6}{\376\377\232\214\213\301\123\237\145\271\172\013\211\343}{subsection.1.2}% 9
\BOOKMARK [1][-]{section.2}{\376\377\116\000\176\364\000P\000o\000i\000s\000s\000o\000n\000-\000B\000o\000l\000z\000m\000a\000n\145\271\172\013}{}% 10
\BOOKMARK [2][-]{subsection.2.1}{\376\377\225\356\230\230\143\317\217\360}{section.2}% 11
\BOOKMARK [2][-]{subsection.2.2}{\376\377\225\356\230\230\122\006\147\220}{section.2}% 12
\BOOKMARK [3][-]{subsubsection.2.2.1}{\376\377\173\200\116\313}{subsection.2.2}% 13
\BOOKMARK [3][-]{subsubsection.2.2.2}{\376\377\123\237\164\006}{subsection.2.2}% 14
\BOOKMARK [3][-]{subsubsection.2.2.3}{\376\377\154\102\211\343}{subsection.2.2}% 15
\BOOKMARK [3][-]{subsubsection.2.2.4}{\376\377\136\224\165\050\116\016\134\100\226\120}{subsection.2.2}% 16
\BOOKMARK [2][-]{subsection.2.3}{\376\377\173\227\154\325\213\276\213\241}{section.2}% 17
\BOOKMARK [2][-]{subsection.2.4}{\376\377\213\241\173\227\176\323\147\234}{section.2}% 18
\BOOKMARK [1][-]{section*.4}{\376\377\000A\000p\000p\000e\000n\000d\000i\000c\000e\000s}{}% 19
\BOOKMARK [1][-]{Appendix.1.A}{\376\377\000A\000p\000p\000e\000n\000d\000i\000x\000\040\154\102\211\343\137\252\163\257\116\011\133\371\211\322\167\351\226\065\166\204\220\006}{}% 20
\BOOKMARK [1][-]{Appendix.1.B}{\376\377\000A\000p\000p\000e\000n\000d\000i\000x\000\040\154\102\211\343\000P\000o\000i\000s\000s\000o\000n\000-\000B\000o\000l\000t\000z\000m\000a\000n\145\271\172\013}{}% 21
\BOOKMARK [1][-]{Appendix.1.C}{\376\377\000A\000p\000p\000e\000n\000d\000i\000x\000\040\171\273\133\120\155\123\136\246\122\006\136\003\117\134\126\376\220\350\122\006}{}% 22
\BOOKMARK [1][-]{Appendix.1.D}{\376\377\000A\000p\000p\000e\000n\000d\000i\000x\000\040\000P\000o\000i\000s\000s\000o\000n\000-\000B\000o\000l\000t\000z\000m\000a\000n\211\343\117\134\126\376\220\350\122\006}{}% 23
