\BOOKMARK [1][-]{section.1}{\376\377\000I\000n\000t\000r\000o\000d\000u\000c\000t\000i\000o\000n}{}% 1
\BOOKMARK [2][-]{subsection.1.1}{\376\377\145\271\172\013\166\204\123\331\217\360}{section.1}% 2
\BOOKMARK [2][-]{subsection.1.2}{\376\377\145\160\133\146\210\150\217\276}{section.1}% 3
\BOOKMARK [1][-]{section.2}{\376\377\000T\000h\000e\000\040\000M\000e\000t\000h\000o\000d}{}% 4
\BOOKMARK [2][-]{subsection.2.1}{\376\377\225\356\230\230\143\317\217\360}{section.2}% 5
\BOOKMARK [2][-]{subsection.2.2}{\376\377\147\011\226\120\135\356\122\006\154\325\173\200\116\313}{section.2}% 6
\BOOKMARK [3][-]{subsubsection.2.2.1}{\376\377\165\061\000T\000a\000y\000l\000o\000r\134\125\137\000\137\017\166\204\143\250\133\374}{subsection.2.2}% 7
\BOOKMARK [3][-]{subsubsection.2.2.2}{\376\377\121\306\170\156\136\246\123\312\213\357\135\356}{subsection.2.2}% 8
\BOOKMARK [2][-]{subsection.2.3}{\376\377\000C\000a\000r\000t\000e\000s\000i\000a\000n\127\120\150\007\116\013\147\011\226\120\135\356\122\006\150\074\137\017}{section.2}% 9
\BOOKMARK [2][-]{subsection.2.4}{\376\377\147\201\127\120\150\007\116\013\166\204\147\011\226\120\135\356\122\006\150\074\137\017}{section.2}% 10
\BOOKMARK [2][-]{subsection.2.5}{\376\377\000G\000a\000u\000s\000s\155\210\121\103\154\325}{section.2}% 11
\BOOKMARK [2][-]{subsection.2.6}{\376\377\000J\000a\000c\000o\000b\000i\217\355\116\343\154\325}{section.2}% 12
\BOOKMARK [3][-]{subsubsection.2.6.1}{\376\377\145\160\133\146\143\317\217\360}{subsection.2.6}% 13
\BOOKMARK [3][-]{subsubsection.2.6.2}{\376\377\173\227\154\325\143\317\217\360}{subsection.2.6}% 14
\BOOKMARK [3][-]{subsubsection.2.6.3}{\376\377\145\066\145\133}{subsection.2.6}% 15
\BOOKMARK [2][-]{subsection.2.7}{\376\377\000G\000a\000u\000s\000s\000\040\000S\000e\000i\000d\000e\000l\217\355\116\343\154\325}{section.2}% 16
\BOOKMARK [3][-]{subsubsection.2.7.1}{\376\377\145\160\133\146\143\317\217\360}{subsection.2.7}% 17
\BOOKMARK [3][-]{subsubsection.2.7.2}{\376\377\167\351\226\065\122\006\211\343}{subsection.2.7}% 18
\BOOKMARK [3][-]{subsubsection.2.7.3}{\376\377\173\227\154\325\143\317\217\360}{subsection.2.7}% 19
\BOOKMARK [2][-]{subsection.2.8}{\376\377\215\205\147\176\137\033\000\050\000S\000O\000R\000\051\217\355\116\343\154\325}{section.2}% 20
\BOOKMARK [3][-]{subsubsection.2.8.1}{\376\377\145\160\133\146\143\317\217\360}{subsection.2.8}% 21
\BOOKMARK [3][-]{subsubsection.2.8.2}{\376\377\173\227\154\325\143\317\217\360}{subsection.2.8}% 22
\BOOKMARK [1][-]{section.3}{\376\377\000R\000e\000s\000u\000l\000t\000s\000\040\000a\000n\000d\000\040\000D\000i\000s\000c\000u\000s\000s\000i\000o\000n}{}% 23
\BOOKMARK [1][-]{section*.10}{\376\377\000A\000p\000p\000e\000n\000d\000i\000c\000e\000s}{}% 24
\BOOKMARK [1][-]{Appendix.1.A}{\376\377\000A\000p\000p\000e\000n\000d\000i\000x\000\040\167\351\137\142\217\271\165\114\165\037\142\020\000C\000a\000r\000t\000e\000s\000i\000a\000n\127\120\150\007\116\013\147\011\226\120\135\356\122\006\150\074\137\017\167\351\226\065}{}% 25
\BOOKMARK [1][-]{Appendix.1.B}{\376\377\000A\000p\000p\000e\000n\000d\000i\000x\000\040\127\006\137\142\217\271\165\114\165\037\142\020\147\201\127\120\150\007\116\013\147\011\226\120\135\356\122\006\150\074\137\017\167\351\226\065}{}% 26
\BOOKMARK [1][-]{Appendix.1.C}{\376\377\000A\000p\000p\000e\000n\000d\000i\000x\000\040\116\015\124\014\154\102\211\343\176\277\140\047\145\271\172\013\176\304\166\204\145\271\154\325}{}% 27
\BOOKMARK [1][-]{Appendix.1.D}{\376\377\000A\000p\000p\000e\000n\000d\000i\000x\000\040\213\241\173\227\122\006\147\220\176\330\126\376}{}% 28
\BOOKMARK [1][-]{Appendix.1.E}{\376\377\000A\000p\000p\000e\000n\000d\000i\000x\000\040\213\241\173\227\122\006\147\220\176\330\126\376}{}% 29
